#
# There is insufficient memory for the Java Runtime Environment to continue.
# Native memory allocation (malloc) failed to allocate 32744 bytes for ChunkPool::allocate
# Possible reasons:
#   The system is out of physical RAM or swap space
#   The process is running with CompressedOops enabled, and the Java Heap may be blocking the growth of the native heap
# Possible solutions:
#   Reduce memory load on the system
#   Increase physical memory or swap space
#   Check if swap backing store is full
#   Decrease Java heap size (-Xmx/-Xms)
#   Decrease number of Java threads
#   Decrease Java thread stack sizes (-Xss)
#   Set larger code cache with -XX:ReservedCodeCacheSize=
#   JVM is running with Zero Based Compressed Oops mode in which the Java heap is
#     placed in the first 32GB address space. The Java Heap base address is the
#     maximum limit for the native heap growth. Please use -XX:HeapBaseMinAddress
#     to set the Java Heap base and to place the Java Heap above 32GB virtual address.
# This output file may be truncated or incomplete.
#
#  Out of Memory Error (allocation.cpp:272), pid=1336, tid=0x0000000000002654
#
# JRE version: Java(TM) SE Runtime Environment (8.0_241-b07) (build 1.8.0_241-b07)
# Java VM: Java HotSpot(TM) 64-Bit Server VM (25.241-b07 mixed mode windows-amd64 compressed oops)
# Failed to write core dump. Minidumps are not enabled by default on client versions of Windows
#

---------------  T H R E A D  ---------------

Current thread (0x0000000002ff4000):  JavaThread "main" [_thread_in_vm, id=9812, stack(0x0000000002ef0000,0x0000000002ff0000)]

Stack: [0x0000000002ef0000,0x0000000002ff0000]
[error occurred during error reporting (printing stack bounds), id 0xc0000005]

Native frames: (J=compiled Java code, j=interpreted, Vv=VM code, C=native code)

Java frames: (J=compiled Java code, j=interpreted, Vv=VM code)
j  java.lang.ClassLoader.defineClass1(Ljava/lang/String;[BIILjava/security/ProtectionDomain;Ljava/lang/String;)Ljava/lang/Class;+0
j  java.lang.ClassLoader.defineClass(Ljava/lang/String;[BIILjava/security/ProtectionDomain;)Ljava/lang/Class;+27
j  java.security.SecureClassLoader.defineClass(Ljava/lang/String;[BIILjava/security/CodeSource;)Ljava/lang/Class;+12
j  java.net.URLClassLoader.defineClass(Ljava/lang/String;Lsun/misc/Resource;)Ljava/lang/Class;+138
j  java.net.URLClassLoader.access$100(Ljava/net/URLClassLoader;Ljava/lang/String;Lsun/misc/Resource;)Ljava/lang/Class;+3
j  java.net.URLClassLoader$1.run()Ljava/lang/Class;+43
j  java.net.URLClassLoader$1.run()Ljava/lang/Object;+1
v  ~StubRoutines::call_stub
j  java.security.AccessController.doPrivileged(Ljava/security/PrivilegedExceptionAction;Ljava/security/AccessControlContext;)Ljava/lang/Object;+0
j  java.net.URLClassLoader.findClass(Ljava/lang/String;)Ljava/lang/Class;+13
j  java.lang.ClassLoader.loadClass(Ljava/lang/String;Z)Ljava/lang/Class;+70
j  sun.misc.Launcher$AppClassLoader.loadClass(Ljava/lang/String;Z)Ljava/lang/Class;+81
j  java.lang.ClassLoader.loadClass(Ljava/lang/String;)Ljava/lang/Class;+3
j  sun.launcher.LauncherHelper.checkAndLoadMain(ZILjava/lang/String;)Ljava/lang/Class;+93
v  ~StubRoutines::call_stub

---------------  P R O C E S S  ---------------

Java Threads: ( => current thread )
  0x000000001f467800 JavaThread "Service Thread" daemon [_thread_blocked, id=12116, stack(0x0000000020810000,0x0000000020910000)]
  0x000000001f3de000 JavaThread "C1 CompilerThread2" daemon [_thread_in_native, id=628, stack(0x000000001f740000,0x000000001f840000)]
  0x000000001f3d9000 JavaThread "C2 CompilerThread1" daemon [_thread_in_native, id=15128, stack(0x000000001f640000,0x000000001f740000)]
  0x000000001f3b8000 JavaThread "C2 CompilerThread0" daemon [_thread_in_native, id=8196, stack(0x000000001f540000,0x000000001f640000)]
  0x000000001e4b2000 JavaThread "JDWP Command Reader" daemon [_thread_in_native, id=10116, stack(0x000000001ec40000,0x000000001ed40000)]
  0x000000001e4b1000 JavaThread "JDWP Event Helper Thread" daemon [_thread_blocked, id=7556, stack(0x000000001eb40000,0x000000001ec40000)]
  0x000000001e4a4800 JavaThread "JDWP Transport Listener: dt_socket" daemon [_thread_blocked, id=12320, stack(0x000000001ea40000,0x000000001eb40000)]
  0x000000001e49e800 JavaThread "Attach Listener" daemon [_thread_blocked, id=6560, stack(0x000000001e940000,0x000000001ea40000)]
  0x000000001ca47000 JavaThread "Signal Dispatcher" daemon [_thread_blocked, id=13256, stack(0x000000001e840000,0x000000001e940000)]
  0x000000001ca35000 JavaThread "Finalizer" daemon [_thread_blocked, id=5908, stack(0x000000001e2e0000,0x000000001e3e0000)]
  0x000000001ca2e000 JavaThread "Reference Handler" daemon [_thread_blocked, id=10820, stack(0x000000001e1e0000,0x000000001e2e0000)]
=>0x0000000002ff4000 JavaThread "main" [_thread_in_vm, id=9812, stack(0x0000000002ef0000,0x0000000002ff0000)]

Other Threads:
  0x00000000030ee800 VMThread [stack: 0x000000001e0e0000,0x000000001e1e0000] [id=14204]
  0x000000001f513000 WatcherThread [stack: 0x0000000000000000,0x0000000000000000] [id=11336]

VM state:not at safepoint (normal execution)

VM Mutex/Monitor currently owned by a thread: None

heap address: 0x00000006c1e00000, size: 4066 MB, Compressed Oops mode: Zero based, Oop shift amount: 3
Narrow klass base: 0x0000000000000000, Narrow klass shift: 3
Compressed class space size: 1073741824 Address: 0x00000007c0000000

Heap:
 PSYoungGen      total 76288K, used 9691K [0x000000076b500000, 0x0000000770a00000, 0x00000007c0000000)
  eden space 65536K, 14% used [0x000000076b500000,0x000000076be76db8,0x000000076f500000)
  from space 10752K, 0% used [0x000000076ff80000,0x000000076ff80000,0x0000000770a00000)
  to   space 10752K, 0% used [0x000000076f500000,0x000000076f500000,0x000000076ff80000)
 ParOldGen       total 175104K, used 0K [0x00000006c1e00000, 0x00000006cc900000, 0x000000076b500000)
  object space 175104K, 0% used [0x00000006c1e00000,0x00000006c1e00000,0x00000006cc900000)
 Metaspace       used 3160K, capacity 4592K, committed 4864K, reserved 1056768K
  class space    used 331K, capacity 424K, committed 512K, reserved 1048576K

Card table byte_map: [0x00000000125b0000,0x0000000012db0000] byte_map_base: 0x000000000efa1000

Marking Bits: (ParMarkBitMap*) 0x0000000052cfbe30
 Begin Bits: [0x0000000013900000, 0x0000000017888000)
 End Bits:   [0x0000000017888000, 0x000000001b810000)

Polling page: 0x00000000011d0000

CodeCache: size=245760Kb used=1116Kb max_used=1127Kb free=244643Kb
 bounds [0x00000000031f0000, 0x0000000003460000, 0x00000000121f0000]
 total_blobs=271 nmethods=29 adapters=164
 compilation: enabled

Compilation events (10 events):
Event: 0.408 Thread 0x000000001f3d9000   19       4       java.lang.CharacterDataLatin1::toLowerCase (39 bytes)
Event: 0.408 Thread 0x000000001f3de000   24       3       java.lang.String::replace (127 bytes)
Event: 0.408 Thread 0x000000001f3de000 nmethod 24 0x0000000003305f90 code [0x0000000003306140, 0x00000000033067f0]
Event: 0.408 Thread 0x000000001f3de000   26       3       java.lang.String::startsWith (7 bytes)
Event: 0.408 Thread 0x000000001f3d9000 nmethod 19 0x0000000003302790 code [0x00000000033028c0, 0x0000000003302998]
Event: 0.408 Thread 0x000000001f3d9000   30       4       java.lang.String::indexOf (70 bytes)
Event: 0.408 Thread 0x000000001f3de000 nmethod 26 0x0000000003305b50 code [0x0000000003305cc0, 0x0000000003305ee8]
Event: 0.408 Thread 0x000000001f3de000   28       3       java.lang.String::substring (79 bytes)
Event: 0.409 Thread 0x000000001f3de000 nmethod 28 0x0000000003304110 code [0x00000000033042e0, 0x00000000033047d8]
Event: 0.409 Thread 0x000000001f3de000   33       3       java.io.WinNTFileSystem::normalize (231 bytes)

GC Heap History (0 events):
No events

Deoptimization events (0 events):
No events

Classes redefined (0 events):
No events

Internal exceptions (2 events):
Event: 0.027 Thread 0x0000000002ff4000 Exception <a 'java/lang/NoSuchMethodError': Method sun.misc.Unsafe.defineClass(Ljava/lang/String;[BII)Ljava/lang/Class; name or signature does not match> (0x000000076b507cc0) thrown at [C:\ade\jenkins\workspace\8-2-build-windows-amd64-cygwin\jdk8u241\331\
Event: 0.027 Thread 0x0000000002ff4000 Exception <a 'java/lang/NoSuchMethodError': Method sun.misc.Unsafe.prefetchRead(Ljava/lang/Object;J)V name or signature does not match> (0x000000076b507fa8) thrown at [C:\ade\jenkins\workspace\8-2-build-windows-amd64-cygwin\jdk8u241\331\hotspot\src\share\

Events (10 events):
Event: 0.406 loading class sun/usagetracker/UsageTrackerClient$3
Event: 0.406 loading class sun/usagetracker/UsageTrackerClient$3 done
Event: 0.407 loading class java/io/FileOutputStream$1
Event: 0.407 loading class java/io/FileOutputStream$1 done
Event: 0.407 loading class sun/launcher/LauncherHelper
Event: 0.408 loading class sun/launcher/LauncherHelper done
Event: 0.408 loading class cn/mayu/yugioh/transform/TransformApp
Event: 0.408 loading class cn/mayu/yugioh/transform/TransformApp done
Event: 0.408 loading class sun/misc/URLClassPath$FileLoader$1
Event: 0.408 loading class sun/misc/URLClassPath$FileLoader$1 done


Dynamic libraries:
0x00007ff79ace0000 - 0x00007ff79ad17000 	D:\jdk8x64\jdk1.8.0_241\bin\java.exe
0x00007ffb94f80000 - 0x00007ffb95170000 	C:\Windows\SYSTEM32\ntdll.dll
0x00007ffb93f50000 - 0x00007ffb94002000 	C:\Windows\System32\KERNEL32.DLL
0x00007ffb92a30000 - 0x00007ffb92cd4000 	C:\Windows\System32\KERNELBASE.dll
0x00007ffb94740000 - 0x00007ffb947e3000 	C:\Windows\System32\ADVAPI32.dll
0x00007ffb94610000 - 0x00007ffb946ae000 	C:\Windows\System32\msvcrt.dll
0x00007ffb93100000 - 0x00007ffb93197000 	C:\Windows\System32\sechost.dll
0x00007ffb948f0000 - 0x00007ffb94a10000 	C:\Windows\System32\RPCRT4.dll
0x00007ffb936c0000 - 0x00007ffb93854000 	C:\Windows\System32\USER32.dll
0x00007ffb92d30000 - 0x00007ffb92d51000 	C:\Windows\System32\win32u.dll
0x00007ffb94e90000 - 0x00007ffb94eb6000 	C:\Windows\System32\GDI32.dll
0x00007ffb92d60000 - 0x00007ffb92ef6000 	C:\Windows\System32\gdi32full.dll
0x00007ffb92830000 - 0x00007ffb928ce000 	C:\Windows\System32\msvcp_win.dll
0x00007ffb928d0000 - 0x00007ffb929ca000 	C:\Windows\System32\ucrtbase.dll
0x00007ffb73930000 - 0x00007ffb73bb4000 	C:\Windows\WinSxS\amd64_microsoft.windows.common-controls_6595b64144ccf1df_6.0.18362.959_none_e6c7bbbf130c62bb\COMCTL32.dll
0x00007ffb942d0000 - 0x00007ffb94605000 	C:\Windows\System32\combase.dll
0x00007ffb92f00000 - 0x00007ffb92f80000 	C:\Windows\System32\bcryptPrimitives.dll
0x00007ffb947f0000 - 0x00007ffb9481e000 	C:\Windows\System32\IMM32.DLL
0x0000000052d80000 - 0x0000000052e52000 	D:\jdk8x64\jdk1.8.0_241\jre\bin\msvcr100.dll
0x00000000524d0000 - 0x0000000052d7c000 	D:\jdk8x64\jdk1.8.0_241\jre\bin\server\jvm.dll
0x00007ffb946b0000 - 0x00007ffb946b8000 	C:\Windows\System32\PSAPI.DLL
0x00007ffb8fbc0000 - 0x00007ffb8fbe4000 	C:\Windows\SYSTEM32\WINMM.dll
0x00007ffb90900000 - 0x00007ffb9090a000 	C:\Windows\SYSTEM32\VERSION.dll
0x00007ffb8dc10000 - 0x00007ffb8dc19000 	C:\Windows\SYSTEM32\WSOCK32.dll
0x00007ffb8fb60000 - 0x00007ffb8fb8d000 	C:\Windows\SYSTEM32\winmmbase.dll
0x00007ffb94260000 - 0x00007ffb942cf000 	C:\Windows\System32\WS2_32.dll
0x00007ffb92ce0000 - 0x00007ffb92d2a000 	C:\Windows\System32\cfgmgr32.dll
0x00007ffb86160000 - 0x00007ffb8616f000 	D:\jdk8x64\jdk1.8.0_241\jre\bin\verify.dll
0x00007ffb7ed50000 - 0x00007ffb7ed79000 	D:\jdk8x64\jdk1.8.0_241\jre\bin\java.dll
0x00007ffb79010000 - 0x00007ffb79045000 	D:\jdk8x64\jdk1.8.0_241\jre\bin\jdwp.dll
0x00007ffb80b30000 - 0x00007ffb80b38000 	D:\jdk8x64\jdk1.8.0_241\jre\bin\npt.dll
0x00007ffb7a850000 - 0x00007ffb7a873000 	D:\jdk8x64\jdk1.8.0_241\jre\bin\instrument.dll
0x00007ffb7efa0000 - 0x00007ffb7efb6000 	D:\jdk8x64\jdk1.8.0_241\jre\bin\zip.dll
0x00007ffb93860000 - 0x00007ffb93f46000 	C:\Windows\System32\SHELL32.dll
0x00007ffb93610000 - 0x00007ffb936b9000 	C:\Windows\System32\shcore.dll
0x00007ffb92080000 - 0x00007ffb92802000 	C:\Windows\System32\windows.storage.dll
0x00007ffb91e40000 - 0x00007ffb91e63000 	C:\Windows\System32\profapi.dll
0x00007ffb91e90000 - 0x00007ffb91eda000 	C:\Windows\System32\powrprof.dll
0x00007ffb91e30000 - 0x00007ffb91e40000 	C:\Windows\System32\UMPDC.dll
0x00007ffb94ee0000 - 0x00007ffb94f32000 	C:\Windows\System32\shlwapi.dll
0x00007ffb91e70000 - 0x00007ffb91e81000 	C:\Windows\System32\kernel.appcore.dll
0x00007ffb92810000 - 0x00007ffb92827000 	C:\Windows\System32\cryptsp.dll
0x00007ffb80520000 - 0x00007ffb80529000 	D:\jdk8x64\jdk1.8.0_241\jre\bin\dt_socket.dll
0x00007ffb915f0000 - 0x00007ffb91657000 	C:\Windows\system32\mswsock.dll

VM Arguments:
jvm_args: -agentlib:jdwp=transport=dt_socket,address=127.0.0.1:62071,suspend=y,server=n -Dspring.output.ansi.enabled=always -javaagent:C:\Users\admin\AppData\Local\JetBrains\IntelliJIdea2020.1\groovyHotSwap\gragent.jar -javaagent:C:\Users\admin\AppData\Local\JetBrains\IntelliJIdea2020.1\captureAgent\debugger-agent.jar -Dfile.encoding=UTF-8 
java_command: cn.mayu.yugioh.transform.TransformApp
java_class_path (initial): D:\jdk8x64\jdk1.8.0_241\jre\lib\charsets.jar;D:\jdk8x64\jdk1.8.0_241\jre\lib\deploy.jar;D:\jdk8x64\jdk1.8.0_241\jre\lib\ext\access-bridge-64.jar;D:\jdk8x64\jdk1.8.0_241\jre\lib\ext\cldrdata.jar;D:\jdk8x64\jdk1.8.0_241\jre\lib\ext\dnsns.jar;D:\jdk8x64\jdk1.8.0_241\jre\lib\ext\jaccess.jar;D:\jdk8x64\jdk1.8.0_241\jre\lib\ext\jfxrt.jar;D:\jdk8x64\jdk1.8.0_241\jre\lib\ext\localedata.jar;D:\jdk8x64\jdk1.8.0_241\jre\lib\ext\nashorn.jar;D:\jdk8x64\jdk1.8.0_241\jre\lib\ext\sunec.jar;D:\jdk8x64\jdk1.8.0_241\jre\lib\ext\sunjce_provider.jar;D:\jdk8x64\jdk1.8.0_241\jre\lib\ext\sunmscapi.jar;D:\jdk8x64\jdk1.8.0_241\jre\lib\ext\sunpkcs11.jar;D:\jdk8x64\jdk1.8.0_241\jre\lib\ext\zipfs.jar;D:\jdk8x64\jdk1.8.0_241\jre\lib\javaws.jar;D:\jdk8x64\jdk1.8.0_241\jre\lib\jce.jar;D:\jdk8x64\jdk1.8.0_241\jre\lib\jfr.jar;D:\jdk8x64\jdk1.8.0_241\jre\lib\jfxswt.jar;D:\jdk8x64\jdk1.8.0_241\jre\lib\jsse.jar;D:\jdk8x64\jdk1.8.0_241\jre\lib\management-agent.jar;D:\jdk8x64\jdk1.8.0_241\jre\lib\plugin.jar;D:\jdk8x64\jdk1.8.0_241\jre\lib\resources.jar;D:\jdk8x64\jdk1.8.0_241\jre\lib\rt.jar;D:\program\yugioh\yugioh\yugioh-transform\target\classes;E:\repository\org\springframework\boot\spring-boot-starter-web\2.3.0.RELEASE\spring-boot-starter-web-2.3.0.RELEASE.jar;E:\repository\org\springframework\boot\spring-boot-starter\2.3.0.RELEASE\spring-boot-starter-2.3.0.RELEASE.jar;E:\repository\org\springframework\boot\spring-boot\2.3.0.RELEASE\spring-boot-2.3.0.RELEASE.jar;E:\repository\org\springframework\boot\spring-boot-autoconfigure\2.3.0.RELEASE\spring-boot-autoconfigure-2.3.0.RELEASE.jar;E:\repository\org\springframework\boot\spring-boot-starter-logging\2.3.0.RELEASE\spring-boot-starter-logging-2.3.0.RELEASE.jar;E:\repository\ch\qos\logback\logback-classic\1.2.3\logback-classic-1.2.3.jar;E:\repository\ch\qos\logback\logback-core\1.2.3\logback-core-1.2.3.jar;E:\repository\org\apache\logging\log4j\log4j-to-slf4j\2.13.2\log4j-to-slf4j-2.13.2.jar;E:\repository\org\apache\logging\lo
Launcher Type: SUN_STANDARD

Environment Variables:
PATH=C:\Program Files (x86)\Common Files\Oracle\Java\javapath;C:\Windows\system32;C:\Windows;C:\Windows\System32\Wbem;C:\Windows\System32\WindowsPowerShell\v1.0\;C:\Windows\System32\OpenSSH\;D:\svn\bin;D:\nodejs\;D:\Git\cmd;C:\Python27;C:\Users\admin\AppData\Local\Microsoft\WindowsApps;C:\Users\admin\AppData\Roaming\npm;D:\IntelliJ IDEA 2020.1\bin;;D:\Microsoft VS Code\bin
USERNAME=admin
OS=Windows_NT
PROCESSOR_IDENTIFIER=Intel64 Family 6 Model 158 Stepping 10, GenuineIntel



---------------  S Y S T E M  ---------------

OS: Windows 10.0 , 64 bit Build 18362 (10.0.18362.959)

CPU:total 6 (initial active 6) (6 cores per cpu, 1 threads per core) family 6 model 158 stepping 10, cmov, cx8, fxsr, mmx, sse, sse2, sse3, ssse3, sse4.1, sse4.2, popcnt, avx, avx2, aes, clmul, erms, 3dnowpref, lzcnt, tsc, tscinvbit, bmi1, bmi2, adx

Memory: 4k page, physical 16646364k(794768k free), swap 26731992k(4068k free)

vm_info: Java HotSpot(TM) 64-Bit Server VM (25.241-b07) for windows-amd64 JRE (1.8.0_241-b07), built on Dec 11 2019 10:21:40 by "rejava" with MS VC++ 10.0 (VS2010)

time: Fri Jul 31 19:41:22 2020
timezone: 中国标准时间
elapsed time: 0 seconds (0d 0h 0m 0s)

