#
# There is insufficient memory for the Java Runtime Environment to continue.
# Native memory allocation (malloc) failed to allocate 234816 bytes for Chunk::new
# Possible reasons:
#   The system is out of physical RAM or swap space
#   The process is running with CompressedOops enabled, and the Java Heap may be blocking the growth of the native heap
# Possible solutions:
#   Reduce memory load on the system
#   Increase physical memory or swap space
#   Check if swap backing store is full
#   Decrease Java heap size (-Xmx/-Xms)
#   Decrease number of Java threads
#   Decrease Java thread stack sizes (-Xss)
#   Set larger code cache with -XX:ReservedCodeCacheSize=
#   JVM is running with Zero Based Compressed Oops mode in which the Java heap is
#     placed in the first 32GB address space. The Java Heap base address is the
#     maximum limit for the native heap growth. Please use -XX:HeapBaseMinAddress
#     to set the Java Heap base and to place the Java Heap above 32GB virtual address.
# This output file may be truncated or incomplete.
#
#  Out of Memory Error (allocation.cpp:389), pid=13628, tid=0x00000000000027f4
#
# JRE version: Java(TM) SE Runtime Environment (8.0_241-b07) (build 1.8.0_241-b07)
# Java VM: Java HotSpot(TM) 64-Bit Server VM (25.241-b07 mixed mode windows-amd64 compressed oops)
# Failed to write core dump. Minidumps are not enabled by default on client versions of Windows
#

---------------  T H R E A D  ---------------

Current thread (0x000000001ed57800):  JavaThread "C2 CompilerThread0" daemon [_thread_in_native, id=10228, stack(0x000000001eec0000,0x000000001efc0000)]

Stack: [0x000000001eec0000,0x000000001efc0000]
[error occurred during error reporting (printing stack bounds), id 0xc0000005]

Native frames: (J=compiled Java code, j=interpreted, Vv=VM code, C=native code)


Current CompileTask:
C2:    465  162  s    4       sun.misc.URLClassPath::getNextLoader (88 bytes)


---------------  P R O C E S S  ---------------

Java Threads: ( => current thread )
  0x000000001edc7000 JavaThread "Service Thread" daemon [_thread_blocked, id=12448, stack(0x000000001f1c0000,0x000000001f2c0000)]
  0x000000001ed59000 JavaThread "C1 CompilerThread2" daemon [_thread_in_native, id=13168, stack(0x000000001f0c0000,0x000000001f1c0000)]
  0x000000001ed58800 JavaThread "C2 CompilerThread1" daemon [_thread_in_native, id=2076, stack(0x000000001efc0000,0x000000001f0c0000)]
=>0x000000001ed57800 JavaThread "C2 CompilerThread0" daemon [_thread_in_native, id=10228, stack(0x000000001eec0000,0x000000001efc0000)]
  0x000000001de30800 JavaThread "JDWP Command Reader" daemon [_thread_in_native, id=11176, stack(0x000000001e5c0000,0x000000001e6c0000)]
  0x000000001de2f000 JavaThread "JDWP Event Helper Thread" daemon [_thread_blocked, id=5104, stack(0x000000001e4c0000,0x000000001e5c0000)]
  0x000000001de2d800 JavaThread "JDWP Transport Listener: dt_socket" daemon [_thread_blocked, id=5076, stack(0x000000001e3c0000,0x000000001e4c0000)]
  0x000000001ddc8800 JavaThread "Attach Listener" daemon [_thread_blocked, id=7328, stack(0x000000001e2c0000,0x000000001e3c0000)]
  0x000000001de1e800 JavaThread "Signal Dispatcher" daemon [_thread_blocked, id=14728, stack(0x000000001e1c0000,0x000000001e2c0000)]
  0x000000001c3c5000 JavaThread "Finalizer" daemon [_thread_blocked, id=10808, stack(0x000000001dc60000,0x000000001dd60000)]
  0x000000001c3be000 JavaThread "Reference Handler" daemon [_thread_blocked, id=10616, stack(0x000000001db60000,0x000000001dc60000)]
  0x0000000002924000 JavaThread "main" [_thread_in_native, id=13956, stack(0x0000000002810000,0x0000000002910000)]

Other Threads:
  0x0000000002a1e800 VMThread [stack: 0x000000001da60000,0x000000001db60000] [id=14612]
  0x000000001ee5d000 WatcherThread [stack: 0x000000001f2c0000,0x000000001f3c0000] [id=15104]

VM state:not at safepoint (normal execution)

VM Mutex/Monitor currently owned by a thread: None

heap address: 0x00000006c1e00000, size: 4066 MB, Compressed Oops mode: Zero based, Oop shift amount: 3
Narrow klass base: 0x0000000000000000, Narrow klass shift: 3
Compressed class space size: 1073741824 Address: 0x00000007c0000000

Heap:
 PSYoungGen      total 76288K, used 13662K [0x000000076b500000, 0x0000000770a00000, 0x00000007c0000000)
  eden space 65536K, 20% used [0x000000076b500000,0x000000076c257960,0x000000076f500000)
  from space 10752K, 0% used [0x000000076ff80000,0x000000076ff80000,0x0000000770a00000)
  to   space 10752K, 0% used [0x000000076f500000,0x000000076f500000,0x000000076ff80000)
 ParOldGen       total 175104K, used 0K [0x00000006c1e00000, 0x00000006cc900000, 0x000000076b500000)
  object space 175104K, 0% used [0x00000006c1e00000,0x00000006c1e00000,0x00000006cc900000)
 Metaspace       used 3639K, capacity 4912K, committed 5120K, reserved 1056768K
  class space    used 371K, capacity 424K, committed 512K, reserved 1048576K

Card table byte_map: [0x0000000011f40000,0x0000000012740000] byte_map_base: 0x000000000e931000

Marking Bits: (ParMarkBitMap*) 0x0000000052cfbe30
 Begin Bits: [0x0000000013290000, 0x0000000017218000)
 End Bits:   [0x0000000017218000, 0x000000001b1a0000)

Polling page: 0x00000000003f0000

CodeCache: size=245760Kb used=1589Kb max_used=1589Kb free=244170Kb
 bounds [0x0000000002b80000, 0x0000000002df0000, 0x0000000011b80000]
 total_blobs=420 nmethods=177 adapters=164
 compilation: enabled

Compilation events (10 events):
Event: 0.462 Thread 0x000000001ed59000 nmethod 164 0x0000000002d06210 code [0x0000000002d06380, 0x0000000002d066e8]
Event: 0.462 Thread 0x000000001ed59000  165       1       java.security.CodeSource::getLocation (5 bytes)
Event: 0.462 Thread 0x000000001ed59000 nmethod 165 0x0000000002d05f50 code [0x0000000002d060a0, 0x0000000002d061b0]
Event: 0.462 Thread 0x000000001ed59000  166       3       java.lang.ClassLoader::checkName (43 bytes)
Event: 0.462 Thread 0x000000001ed59000 nmethod 166 0x0000000002d05350 code [0x0000000002d05500, 0x0000000002d05c98]
Event: 0.462 Thread 0x000000001ed59000  167       3       sun.misc.VM::allowArraySyntax (4 bytes)
Event: 0.462 Thread 0x000000001ed59000 nmethod 167 0x0000000002d05050 code [0x0000000002d051a0, 0x0000000002d052f0]
Event: 0.464 Thread 0x000000001ed59000  168       3       java.io.BufferedReader::readLine (6 bytes)
Event: 0.464 Thread 0x000000001ed59000 nmethod 168 0x0000000002d04c90 code [0x0000000002d04e00, 0x0000000002d04fa8]
Event: 0.464 Thread 0x000000001ed59000  170   !   3       java.io.BufferedReader::readLine (304 bytes)

GC Heap History (0 events):
No events

Deoptimization events (0 events):
No events

Classes redefined (0 events):
No events

Internal exceptions (2 events):
Event: 0.029 Thread 0x0000000002924000 Exception <a 'java/lang/NoSuchMethodError': Method sun.misc.Unsafe.defineClass(Ljava/lang/String;[BII)Ljava/lang/Class; name or signature does not match> (0x000000076b507cc0) thrown at [C:\ade\jenkins\workspace\8-2-build-windows-amd64-cygwin\jdk8u241\331\
Event: 0.029 Thread 0x0000000002924000 Exception <a 'java/lang/NoSuchMethodError': Method sun.misc.Unsafe.prefetchRead(Ljava/lang/Object;J)V name or signature does not match> (0x000000076b507fa8) thrown at [C:\ade\jenkins\workspace\8-2-build-windows-amd64-cygwin\jdk8u241\331\hotspot\src\share\

Events (10 events):
Event: 0.461 loading class org/slf4j/helpers/NOPLoggerFactory
Event: 0.461 loading class org/slf4j/helpers/NOPLoggerFactory done
Event: 0.461 loading class org/slf4j/helpers/Util
Event: 0.461 loading class org/slf4j/helpers/Util done
Event: 0.462 loading class java/util/LinkedHashSet
Event: 0.462 loading class java/util/LinkedHashSet done
Event: 0.462 loading class sun/misc/Launcher$BootClassPathHolder
Event: 0.463 loading class sun/misc/Launcher$BootClassPathHolder done
Event: 0.463 loading class sun/misc/Launcher$BootClassPathHolder$1
Event: 0.463 loading class sun/misc/Launcher$BootClassPathHolder$1 done


Dynamic libraries:
0x00007ff79ace0000 - 0x00007ff79ad17000 	D:\jdk8x64\jdk1.8.0_241\bin\java.exe
0x00007ffb94f80000 - 0x00007ffb95170000 	C:\Windows\SYSTEM32\ntdll.dll
0x00007ffb93f50000 - 0x00007ffb94002000 	C:\Windows\System32\KERNEL32.DLL
0x00007ffb92a30000 - 0x00007ffb92cd4000 	C:\Windows\System32\KERNELBASE.dll
0x00007ffb94740000 - 0x00007ffb947e3000 	C:\Windows\System32\ADVAPI32.dll
0x00007ffb94610000 - 0x00007ffb946ae000 	C:\Windows\System32\msvcrt.dll
0x00007ffb93100000 - 0x00007ffb93197000 	C:\Windows\System32\sechost.dll
0x00007ffb948f0000 - 0x00007ffb94a10000 	C:\Windows\System32\RPCRT4.dll
0x00007ffb936c0000 - 0x00007ffb93854000 	C:\Windows\System32\USER32.dll
0x00007ffb92d30000 - 0x00007ffb92d51000 	C:\Windows\System32\win32u.dll
0x00007ffb94e90000 - 0x00007ffb94eb6000 	C:\Windows\System32\GDI32.dll
0x00007ffb92d60000 - 0x00007ffb92ef6000 	C:\Windows\System32\gdi32full.dll
0x00007ffb92830000 - 0x00007ffb928ce000 	C:\Windows\System32\msvcp_win.dll
0x00007ffb928d0000 - 0x00007ffb929ca000 	C:\Windows\System32\ucrtbase.dll
0x00007ffb73930000 - 0x00007ffb73bb4000 	C:\Windows\WinSxS\amd64_microsoft.windows.common-controls_6595b64144ccf1df_6.0.18362.959_none_e6c7bbbf130c62bb\COMCTL32.dll
0x00007ffb942d0000 - 0x00007ffb94605000 	C:\Windows\System32\combase.dll
0x00007ffb92f00000 - 0x00007ffb92f80000 	C:\Windows\System32\bcryptPrimitives.dll
0x00007ffb947f0000 - 0x00007ffb9481e000 	C:\Windows\System32\IMM32.DLL
0x0000000052d80000 - 0x0000000052e52000 	D:\jdk8x64\jdk1.8.0_241\jre\bin\msvcr100.dll
0x00000000524d0000 - 0x0000000052d7c000 	D:\jdk8x64\jdk1.8.0_241\jre\bin\server\jvm.dll
0x00007ffb946b0000 - 0x00007ffb946b8000 	C:\Windows\System32\PSAPI.DLL
0x00007ffb8dc10000 - 0x00007ffb8dc19000 	C:\Windows\SYSTEM32\WSOCK32.dll
0x00007ffb8fbc0000 - 0x00007ffb8fbe4000 	C:\Windows\SYSTEM32\WINMM.dll
0x00007ffb94260000 - 0x00007ffb942cf000 	C:\Windows\System32\WS2_32.dll
0x00007ffb8fb60000 - 0x00007ffb8fb8d000 	C:\Windows\SYSTEM32\WINMMBASE.dll
0x00007ffb92ce0000 - 0x00007ffb92d2a000 	C:\Windows\System32\cfgmgr32.dll
0x00007ffb90900000 - 0x00007ffb9090a000 	C:\Windows\SYSTEM32\VERSION.dll
0x00007ffb86160000 - 0x00007ffb8616f000 	D:\jdk8x64\jdk1.8.0_241\jre\bin\verify.dll
0x00007ffb7ed50000 - 0x00007ffb7ed79000 	D:\jdk8x64\jdk1.8.0_241\jre\bin\java.dll
0x00007ffb79010000 - 0x00007ffb79045000 	D:\jdk8x64\jdk1.8.0_241\jre\bin\jdwp.dll
0x00007ffb80b30000 - 0x00007ffb80b38000 	D:\jdk8x64\jdk1.8.0_241\jre\bin\npt.dll
0x00007ffb7a850000 - 0x00007ffb7a873000 	D:\jdk8x64\jdk1.8.0_241\jre\bin\instrument.dll
0x00007ffb7efa0000 - 0x00007ffb7efb6000 	D:\jdk8x64\jdk1.8.0_241\jre\bin\zip.dll
0x00007ffb93860000 - 0x00007ffb93f46000 	C:\Windows\System32\SHELL32.dll
0x00007ffb93610000 - 0x00007ffb936b9000 	C:\Windows\System32\shcore.dll
0x00007ffb92080000 - 0x00007ffb92802000 	C:\Windows\System32\windows.storage.dll
0x00007ffb91e40000 - 0x00007ffb91e63000 	C:\Windows\System32\profapi.dll
0x00007ffb91e90000 - 0x00007ffb91eda000 	C:\Windows\System32\powrprof.dll
0x00007ffb91e30000 - 0x00007ffb91e40000 	C:\Windows\System32\UMPDC.dll
0x00007ffb94ee0000 - 0x00007ffb94f32000 	C:\Windows\System32\shlwapi.dll
0x00007ffb91e70000 - 0x00007ffb91e81000 	C:\Windows\System32\kernel.appcore.dll
0x00007ffb92810000 - 0x00007ffb92827000 	C:\Windows\System32\cryptsp.dll
0x00007ffb80520000 - 0x00007ffb80529000 	D:\jdk8x64\jdk1.8.0_241\jre\bin\dt_socket.dll
0x00007ffb915f0000 - 0x00007ffb91657000 	C:\Windows\system32\mswsock.dll

VM Arguments:
jvm_args: -agentlib:jdwp=transport=dt_socket,address=127.0.0.1:62079,suspend=y,server=n -Dspring.output.ansi.enabled=always -javaagent:C:\Users\admin\AppData\Local\JetBrains\IntelliJIdea2020.1\groovyHotSwap\gragent.jar -javaagent:C:\Users\admin\AppData\Local\JetBrains\IntelliJIdea2020.1\captureAgent\debugger-agent.jar -Dfile.encoding=UTF-8 
java_command: cn.mayu.yugioh.transform.TransformApp
java_class_path (initial): D:\jdk8x64\jdk1.8.0_241\jre\lib\charsets.jar;D:\jdk8x64\jdk1.8.0_241\jre\lib\deploy.jar;D:\jdk8x64\jdk1.8.0_241\jre\lib\ext\access-bridge-64.jar;D:\jdk8x64\jdk1.8.0_241\jre\lib\ext\cldrdata.jar;D:\jdk8x64\jdk1.8.0_241\jre\lib\ext\dnsns.jar;D:\jdk8x64\jdk1.8.0_241\jre\lib\ext\jaccess.jar;D:\jdk8x64\jdk1.8.0_241\jre\lib\ext\jfxrt.jar;D:\jdk8x64\jdk1.8.0_241\jre\lib\ext\localedata.jar;D:\jdk8x64\jdk1.8.0_241\jre\lib\ext\nashorn.jar;D:\jdk8x64\jdk1.8.0_241\jre\lib\ext\sunec.jar;D:\jdk8x64\jdk1.8.0_241\jre\lib\ext\sunjce_provider.jar;D:\jdk8x64\jdk1.8.0_241\jre\lib\ext\sunmscapi.jar;D:\jdk8x64\jdk1.8.0_241\jre\lib\ext\sunpkcs11.jar;D:\jdk8x64\jdk1.8.0_241\jre\lib\ext\zipfs.jar;D:\jdk8x64\jdk1.8.0_241\jre\lib\javaws.jar;D:\jdk8x64\jdk1.8.0_241\jre\lib\jce.jar;D:\jdk8x64\jdk1.8.0_241\jre\lib\jfr.jar;D:\jdk8x64\jdk1.8.0_241\jre\lib\jfxswt.jar;D:\jdk8x64\jdk1.8.0_241\jre\lib\jsse.jar;D:\jdk8x64\jdk1.8.0_241\jre\lib\management-agent.jar;D:\jdk8x64\jdk1.8.0_241\jre\lib\plugin.jar;D:\jdk8x64\jdk1.8.0_241\jre\lib\resources.jar;D:\jdk8x64\jdk1.8.0_241\jre\lib\rt.jar;D:\program\yugioh\yugioh\yugioh-transform\target\classes;E:\repository\org\springframework\boot\spring-boot-starter-web\2.3.0.RELEASE\spring-boot-starter-web-2.3.0.RELEASE.jar;E:\repository\org\springframework\boot\spring-boot-starter\2.3.0.RELEASE\spring-boot-starter-2.3.0.RELEASE.jar;E:\repository\org\springframework\boot\spring-boot\2.3.0.RELEASE\spring-boot-2.3.0.RELEASE.jar;E:\repository\org\springframework\boot\spring-boot-autoconfigure\2.3.0.RELEASE\spring-boot-autoconfigure-2.3.0.RELEASE.jar;E:\repository\org\springframework\boot\spring-boot-starter-logging\2.3.0.RELEASE\spring-boot-starter-logging-2.3.0.RELEASE.jar;E:\repository\ch\qos\logback\logback-classic\1.2.3\logback-classic-1.2.3.jar;E:\repository\ch\qos\logback\logback-core\1.2.3\logback-core-1.2.3.jar;E:\repository\org\apache\logging\log4j\log4j-to-slf4j\2.13.2\log4j-to-slf4j-2.13.2.jar;E:\repository\org\apache\logging\lo
Launcher Type: SUN_STANDARD

Environment Variables:
PATH=C:\Program Files (x86)\Common Files\Oracle\Java\javapath;C:\Windows\system32;C:\Windows;C:\Windows\System32\Wbem;C:\Windows\System32\WindowsPowerShell\v1.0\;C:\Windows\System32\OpenSSH\;D:\svn\bin;D:\nodejs\;D:\Git\cmd;C:\Python27;C:\Users\admin\AppData\Local\Microsoft\WindowsApps;C:\Users\admin\AppData\Roaming\npm;D:\IntelliJ IDEA 2020.1\bin;;D:\Microsoft VS Code\bin
USERNAME=admin
OS=Windows_NT
PROCESSOR_IDENTIFIER=Intel64 Family 6 Model 158 Stepping 10, GenuineIntel



---------------  S Y S T E M  ---------------

OS: Windows 10.0 , 64 bit Build 18362 (10.0.18362.959)

CPU:total 6 (initial active 6) (6 cores per cpu, 1 threads per core) family 6 model 158 stepping 10, cmov, cx8, fxsr, mmx, sse, sse2, sse3, ssse3, sse4.1, sse4.2, popcnt, avx, avx2, aes, clmul, erms, 3dnowpref, lzcnt, tsc, tscinvbit, bmi1, bmi2, adx

Memory: 4k page, physical 16646364k(766032k free), swap 26731992k(4164k free)

vm_info: Java HotSpot(TM) 64-Bit Server VM (25.241-b07) for windows-amd64 JRE (1.8.0_241-b07), built on Dec 11 2019 10:21:40 by "rejava" with MS VC++ 10.0 (VS2010)

time: Fri Jul 31 19:41:28 2020
timezone: 中国标准时间
elapsed time: 0 seconds (0d 0h 0m 0s)

