#
# There is insufficient memory for the Java Runtime Environment to continue.
# Native memory allocation (malloc) failed to allocate 588976 bytes for Chunk::new
# Possible reasons:
#   The system is out of physical RAM or swap space
#   The process is running with CompressedOops enabled, and the Java Heap may be blocking the growth of the native heap
# Possible solutions:
#   Reduce memory load on the system
#   Increase physical memory or swap space
#   Check if swap backing store is full
#   Decrease Java heap size (-Xmx/-Xms)
#   Decrease number of Java threads
#   Decrease Java thread stack sizes (-Xss)
#   Set larger code cache with -XX:ReservedCodeCacheSize=
#   JVM is running with Zero Based Compressed Oops mode in which the Java heap is
#     placed in the first 32GB address space. The Java Heap base address is the
#     maximum limit for the native heap growth. Please use -XX:HeapBaseMinAddress
#     to set the Java Heap base and to place the Java Heap above 32GB virtual address.
# This output file may be truncated or incomplete.
#
#  Out of Memory Error (allocation.cpp:389), pid=5752, tid=0x0000000000001ac0
#
# JRE version: Java(TM) SE Runtime Environment (8.0_241-b07) (build 1.8.0_241-b07)
# Java VM: Java HotSpot(TM) 64-Bit Server VM (25.241-b07 mixed mode windows-amd64 compressed oops)
# Failed to write core dump. Minidumps are not enabled by default on client versions of Windows
#

---------------  T H R E A D  ---------------

Current thread (0x000000001f2db000):  JavaThread "C2 CompilerThread0" daemon [_thread_in_native, id=6848, stack(0x000000001f460000,0x000000001f560000)]

Stack: [0x000000001f460000,0x000000001f560000]
[error occurred during error reporting (printing stack bounds), id 0xc0000005]

Native frames: (J=compiled Java code, j=interpreted, Vv=VM code, C=native code)


Current CompileTask:
C2:    452   66       4       java.io.WinNTFileSystem::normalize (143 bytes)


---------------  P R O C E S S  ---------------

Java Threads: ( => current thread )
  0x000000001f39a000 JavaThread "Service Thread" daemon [_thread_blocked, id=8836, stack(0x000000001f760000,0x000000001f860000)]
  0x000000001f301000 JavaThread "C1 CompilerThread2" daemon [_thread_blocked, id=8252, stack(0x000000001f660000,0x000000001f760000)]
  0x000000001f2fc000 JavaThread "C2 CompilerThread1" daemon [_thread_blocked, id=10904, stack(0x000000001f560000,0x000000001f660000)]
=>0x000000001f2db000 JavaThread "C2 CompilerThread0" daemon [_thread_in_native, id=6848, stack(0x000000001f460000,0x000000001f560000)]
  0x000000001e3d2800 JavaThread "JDWP Command Reader" daemon [_thread_in_native, id=14900, stack(0x000000001eb60000,0x000000001ec60000)]
  0x000000001e3d1000 JavaThread "JDWP Event Helper Thread" daemon [_thread_blocked, id=7980, stack(0x000000001ea60000,0x000000001eb60000)]
  0x000000001e3c5000 JavaThread "JDWP Transport Listener: dt_socket" daemon [_thread_blocked, id=12264, stack(0x000000001e960000,0x000000001ea60000)]
  0x000000001e3be800 JavaThread "Attach Listener" daemon [_thread_blocked, id=7332, stack(0x000000001e860000,0x000000001e960000)]
  0x000000001c977800 JavaThread "Signal Dispatcher" daemon [_thread_blocked, id=7380, stack(0x000000001e760000,0x000000001e860000)]
  0x000000001c965000 JavaThread "Finalizer" daemon [_thread_blocked, id=11996, stack(0x000000001e1f0000,0x000000001e2f0000)]
  0x000000001c95e000 JavaThread "Reference Handler" daemon [_thread_blocked, id=7316, stack(0x000000001e0f0000,0x000000001e1f0000)]
  0x0000000002ee4000 JavaThread "main" [_thread_in_vm, id=13420, stack(0x0000000002de0000,0x0000000002ee0000)]

Other Threads:
  0x0000000002fde800 VMThread [stack: 0x000000001dff0000,0x000000001e0f0000] [id=13692]
  0x000000001f439000 WatcherThread [stack: 0x000000001f860000,0x000000001f960000] [id=11456]

VM state:not at safepoint (normal execution)

VM Mutex/Monitor currently owned by a thread: None

heap address: 0x00000006c1e00000, size: 4066 MB, Compressed Oops mode: Zero based, Oop shift amount: 3
Narrow klass base: 0x0000000000000000, Narrow klass shift: 3
Compressed class space size: 1073741824 Address: 0x00000007c0000000

Heap:
 PSYoungGen      total 76288K, used 12351K [0x000000076b500000, 0x0000000770a00000, 0x00000007c0000000)
  eden space 65536K, 18% used [0x000000076b500000,0x000000076c10fe80,0x000000076f500000)
  from space 10752K, 0% used [0x000000076ff80000,0x000000076ff80000,0x0000000770a00000)
  to   space 10752K, 0% used [0x000000076f500000,0x000000076f500000,0x000000076ff80000)
 ParOldGen       total 175104K, used 0K [0x00000006c1e00000, 0x00000006cc900000, 0x000000076b500000)
  object space 175104K, 0% used [0x00000006c1e00000,0x00000006c1e00000,0x00000006cc900000)
 Metaspace       used 3302K, capacity 4720K, committed 4864K, reserved 1056768K
  class space    used 346K, capacity 424K, committed 512K, reserved 1048576K

Card table byte_map: [0x00000000124e0000,0x0000000012ce0000] byte_map_base: 0x000000000eed1000

Marking Bits: (ParMarkBitMap*) 0x0000000052cfbe30
 Begin Bits: [0x0000000013830000, 0x00000000177b8000)
 End Bits:   [0x00000000177b8000, 0x000000001b740000)

Polling page: 0x0000000000c00000

CodeCache: size=245760Kb used=1377Kb max_used=1377Kb free=244382Kb
 bounds [0x0000000003120000, 0x0000000003390000, 0x0000000012120000]
 total_blobs=364 nmethods=121 adapters=164
 compilation: enabled

Compilation events (10 events):
Event: 0.446 Thread 0x000000001f301000  112       3       java.util.WeakHashMap::hash (28 bytes)
Event: 0.446 Thread 0x000000001f301000 nmethod 112 0x0000000003274110 code [0x0000000003274280, 0x00000000032744c8]
Event: 0.446 Thread 0x000000001f301000   99       3       java.io.InputStream::<init> (5 bytes)
Event: 0.446 Thread 0x000000001f301000 nmethod 99 0x0000000003274590 code [0x0000000003274700, 0x00000000032748b0]
Event: 0.446 Thread 0x000000001f301000  110       1       java.util.zip.ZipCoder::isUTF8 (5 bytes)
Event: 0.446 Thread 0x000000001f301000 nmethod 110 0x0000000003274990 code [0x0000000003274ae0, 0x0000000003274bf0]
Event: 0.446 Thread 0x000000001f301000  100       1       sun.instrument.TransformerManager::getSnapshotTransformerList (5 bytes)
Event: 0.446 Thread 0x000000001f301000 nmethod 100 0x0000000003274c50 code [0x0000000003274da0, 0x0000000003274eb0]
Event: 0.446 Thread 0x000000001f301000   97   !   3       java.util.zip.Inflater::ended (32 bytes)
Event: 0.446 Thread 0x000000001f301000 nmethod 97 0x0000000003274f10 code [0x0000000003275080, 0x0000000003275470]

GC Heap History (0 events):
No events

Deoptimization events (0 events):
No events

Classes redefined (0 events):
No events

Internal exceptions (2 events):
Event: 0.027 Thread 0x0000000002ee4000 Exception <a 'java/lang/NoSuchMethodError': Method sun.misc.Unsafe.defineClass(Ljava/lang/String;[BII)Ljava/lang/Class; name or signature does not match> (0x000000076b507cc0) thrown at [C:\ade\jenkins\workspace\8-2-build-windows-amd64-cygwin\jdk8u241\331\
Event: 0.027 Thread 0x0000000002ee4000 Exception <a 'java/lang/NoSuchMethodError': Method sun.misc.Unsafe.prefetchRead(Ljava/lang/Object;J)V name or signature does not match> (0x000000076b507fa8) thrown at [C:\ade\jenkins\workspace\8-2-build-windows-amd64-cygwin\jdk8u241\331\hotspot\src\share\

Events (10 events):
Event: 0.444 loading class java/lang/SecurityException done
Event: 0.444 loading class java/security/AccessControlException done
Event: 0.444 loading class org/springframework/core/env/Environment
Event: 0.444 loading class org/springframework/core/env/Environment done
Event: 0.444 loading class org/springframework/core/env/PropertyResolver
Event: 0.444 loading class org/springframework/core/env/PropertyResolver done
Event: 0.445 loading class org/springframework/core/env/ConfigurableEnvironment
Event: 0.445 loading class org/springframework/core/env/ConfigurableEnvironment done
Event: 0.445 loading class org/springframework/core/env/ConfigurablePropertyResolver
Event: 0.445 loading class org/springframework/core/env/ConfigurablePropertyResolver done


Dynamic libraries:
0x00007ff79ace0000 - 0x00007ff79ad17000 	D:\jdk8x64\jdk1.8.0_241\bin\java.exe
0x00007ffb94f80000 - 0x00007ffb95170000 	C:\Windows\SYSTEM32\ntdll.dll
0x00007ffb93f50000 - 0x00007ffb94002000 	C:\Windows\System32\KERNEL32.DLL
0x00007ffb92a30000 - 0x00007ffb92cd4000 	C:\Windows\System32\KERNELBASE.dll
0x00007ffb94740000 - 0x00007ffb947e3000 	C:\Windows\System32\ADVAPI32.dll
0x00007ffb94610000 - 0x00007ffb946ae000 	C:\Windows\System32\msvcrt.dll
0x00007ffb93100000 - 0x00007ffb93197000 	C:\Windows\System32\sechost.dll
0x00007ffb948f0000 - 0x00007ffb94a10000 	C:\Windows\System32\RPCRT4.dll
0x00007ffb936c0000 - 0x00007ffb93854000 	C:\Windows\System32\USER32.dll
0x00007ffb92d30000 - 0x00007ffb92d51000 	C:\Windows\System32\win32u.dll
0x00007ffb94e90000 - 0x00007ffb94eb6000 	C:\Windows\System32\GDI32.dll
0x00007ffb92d60000 - 0x00007ffb92ef6000 	C:\Windows\System32\gdi32full.dll
0x00007ffb92830000 - 0x00007ffb928ce000 	C:\Windows\System32\msvcp_win.dll
0x00007ffb928d0000 - 0x00007ffb929ca000 	C:\Windows\System32\ucrtbase.dll
0x00007ffb73930000 - 0x00007ffb73bb4000 	C:\Windows\WinSxS\amd64_microsoft.windows.common-controls_6595b64144ccf1df_6.0.18362.959_none_e6c7bbbf130c62bb\COMCTL32.dll
0x00007ffb942d0000 - 0x00007ffb94605000 	C:\Windows\System32\combase.dll
0x00007ffb92f00000 - 0x00007ffb92f80000 	C:\Windows\System32\bcryptPrimitives.dll
0x00007ffb947f0000 - 0x00007ffb9481e000 	C:\Windows\System32\IMM32.DLL
0x0000000052d80000 - 0x0000000052e52000 	D:\jdk8x64\jdk1.8.0_241\jre\bin\msvcr100.dll
0x00000000524d0000 - 0x0000000052d7c000 	D:\jdk8x64\jdk1.8.0_241\jre\bin\server\jvm.dll
0x00007ffb946b0000 - 0x00007ffb946b8000 	C:\Windows\System32\PSAPI.DLL
0x00007ffb8fbc0000 - 0x00007ffb8fbe4000 	C:\Windows\SYSTEM32\WINMM.dll
0x00007ffb90900000 - 0x00007ffb9090a000 	C:\Windows\SYSTEM32\VERSION.dll
0x00007ffb8dc10000 - 0x00007ffb8dc19000 	C:\Windows\SYSTEM32\WSOCK32.dll
0x00007ffb94260000 - 0x00007ffb942cf000 	C:\Windows\System32\WS2_32.dll
0x00007ffb8fb60000 - 0x00007ffb8fb8d000 	C:\Windows\SYSTEM32\WINMMBASE.dll
0x00007ffb92ce0000 - 0x00007ffb92d2a000 	C:\Windows\System32\cfgmgr32.dll
0x00007ffb86160000 - 0x00007ffb8616f000 	D:\jdk8x64\jdk1.8.0_241\jre\bin\verify.dll
0x00007ffb7ed50000 - 0x00007ffb7ed79000 	D:\jdk8x64\jdk1.8.0_241\jre\bin\java.dll
0x00007ffb79010000 - 0x00007ffb79045000 	D:\jdk8x64\jdk1.8.0_241\jre\bin\jdwp.dll
0x00007ffb80b30000 - 0x00007ffb80b38000 	D:\jdk8x64\jdk1.8.0_241\jre\bin\npt.dll
0x00007ffb7a850000 - 0x00007ffb7a873000 	D:\jdk8x64\jdk1.8.0_241\jre\bin\instrument.dll
0x00007ffb7efa0000 - 0x00007ffb7efb6000 	D:\jdk8x64\jdk1.8.0_241\jre\bin\zip.dll
0x00007ffb93860000 - 0x00007ffb93f46000 	C:\Windows\System32\SHELL32.dll
0x00007ffb93610000 - 0x00007ffb936b9000 	C:\Windows\System32\shcore.dll
0x00007ffb92080000 - 0x00007ffb92802000 	C:\Windows\System32\windows.storage.dll
0x00007ffb91e40000 - 0x00007ffb91e63000 	C:\Windows\System32\profapi.dll
0x00007ffb91e90000 - 0x00007ffb91eda000 	C:\Windows\System32\powrprof.dll
0x00007ffb91e30000 - 0x00007ffb91e40000 	C:\Windows\System32\UMPDC.dll
0x00007ffb94ee0000 - 0x00007ffb94f32000 	C:\Windows\System32\shlwapi.dll
0x00007ffb91e70000 - 0x00007ffb91e81000 	C:\Windows\System32\kernel.appcore.dll
0x00007ffb92810000 - 0x00007ffb92827000 	C:\Windows\System32\cryptsp.dll
0x00007ffb80520000 - 0x00007ffb80529000 	D:\jdk8x64\jdk1.8.0_241\jre\bin\dt_socket.dll
0x00007ffb915f0000 - 0x00007ffb91657000 	C:\Windows\system32\mswsock.dll

VM Arguments:
jvm_args: -agentlib:jdwp=transport=dt_socket,address=127.0.0.1:62048,suspend=y,server=n -Dspring.output.ansi.enabled=always -javaagent:C:\Users\admin\AppData\Local\JetBrains\IntelliJIdea2020.1\groovyHotSwap\gragent.jar -javaagent:C:\Users\admin\AppData\Local\JetBrains\IntelliJIdea2020.1\captureAgent\debugger-agent.jar -Dfile.encoding=UTF-8 
java_command: cn.mayu.yugioh.transform.TransformApp
java_class_path (initial): D:\jdk8x64\jdk1.8.0_241\jre\lib\charsets.jar;D:\jdk8x64\jdk1.8.0_241\jre\lib\deploy.jar;D:\jdk8x64\jdk1.8.0_241\jre\lib\ext\access-bridge-64.jar;D:\jdk8x64\jdk1.8.0_241\jre\lib\ext\cldrdata.jar;D:\jdk8x64\jdk1.8.0_241\jre\lib\ext\dnsns.jar;D:\jdk8x64\jdk1.8.0_241\jre\lib\ext\jaccess.jar;D:\jdk8x64\jdk1.8.0_241\jre\lib\ext\jfxrt.jar;D:\jdk8x64\jdk1.8.0_241\jre\lib\ext\localedata.jar;D:\jdk8x64\jdk1.8.0_241\jre\lib\ext\nashorn.jar;D:\jdk8x64\jdk1.8.0_241\jre\lib\ext\sunec.jar;D:\jdk8x64\jdk1.8.0_241\jre\lib\ext\sunjce_provider.jar;D:\jdk8x64\jdk1.8.0_241\jre\lib\ext\sunmscapi.jar;D:\jdk8x64\jdk1.8.0_241\jre\lib\ext\sunpkcs11.jar;D:\jdk8x64\jdk1.8.0_241\jre\lib\ext\zipfs.jar;D:\jdk8x64\jdk1.8.0_241\jre\lib\javaws.jar;D:\jdk8x64\jdk1.8.0_241\jre\lib\jce.jar;D:\jdk8x64\jdk1.8.0_241\jre\lib\jfr.jar;D:\jdk8x64\jdk1.8.0_241\jre\lib\jfxswt.jar;D:\jdk8x64\jdk1.8.0_241\jre\lib\jsse.jar;D:\jdk8x64\jdk1.8.0_241\jre\lib\management-agent.jar;D:\jdk8x64\jdk1.8.0_241\jre\lib\plugin.jar;D:\jdk8x64\jdk1.8.0_241\jre\lib\resources.jar;D:\jdk8x64\jdk1.8.0_241\jre\lib\rt.jar;D:\program\yugioh\yugioh\yugioh-transform\target\classes;E:\repository\org\springframework\boot\spring-boot-starter-web\2.3.0.RELEASE\spring-boot-starter-web-2.3.0.RELEASE.jar;E:\repository\org\springframework\boot\spring-boot-starter\2.3.0.RELEASE\spring-boot-starter-2.3.0.RELEASE.jar;E:\repository\org\springframework\boot\spring-boot\2.3.0.RELEASE\spring-boot-2.3.0.RELEASE.jar;E:\repository\org\springframework\boot\spring-boot-autoconfigure\2.3.0.RELEASE\spring-boot-autoconfigure-2.3.0.RELEASE.jar;E:\repository\org\springframework\boot\spring-boot-starter-logging\2.3.0.RELEASE\spring-boot-starter-logging-2.3.0.RELEASE.jar;E:\repository\ch\qos\logback\logback-classic\1.2.3\logback-classic-1.2.3.jar;E:\repository\ch\qos\logback\logback-core\1.2.3\logback-core-1.2.3.jar;E:\repository\org\apache\logging\log4j\log4j-to-slf4j\2.13.2\log4j-to-slf4j-2.13.2.jar;E:\repository\org\apache\logging\lo
Launcher Type: SUN_STANDARD

Environment Variables:
PATH=C:\Program Files (x86)\Common Files\Oracle\Java\javapath;C:\Windows\system32;C:\Windows;C:\Windows\System32\Wbem;C:\Windows\System32\WindowsPowerShell\v1.0\;C:\Windows\System32\OpenSSH\;D:\svn\bin;D:\nodejs\;D:\Git\cmd;C:\Python27;C:\Users\admin\AppData\Local\Microsoft\WindowsApps;C:\Users\admin\AppData\Roaming\npm;D:\IntelliJ IDEA 2020.1\bin;;D:\Microsoft VS Code\bin
USERNAME=admin
OS=Windows_NT
PROCESSOR_IDENTIFIER=Intel64 Family 6 Model 158 Stepping 10, GenuineIntel



---------------  S Y S T E M  ---------------

OS: Windows 10.0 , 64 bit Build 18362 (10.0.18362.959)

CPU:total 6 (initial active 6) (6 cores per cpu, 1 threads per core) family 6 model 158 stepping 10, cmov, cx8, fxsr, mmx, sse, sse2, sse3, ssse3, sse4.1, sse4.2, popcnt, avx, avx2, aes, clmul, erms, 3dnowpref, lzcnt, tsc, tscinvbit, bmi1, bmi2, adx

Memory: 4k page, physical 16646364k(950400k free), swap 26731992k(4492k free)

vm_info: Java HotSpot(TM) 64-Bit Server VM (25.241-b07) for windows-amd64 JRE (1.8.0_241-b07), built on Dec 11 2019 10:21:40 by "rejava" with MS VC++ 10.0 (VS2010)

time: Fri Jul 31 19:41:00 2020
timezone: 中国标准时间
elapsed time: 0 seconds (0d 0h 0m 0s)

