#
# There is insufficient memory for the Java Runtime Environment to continue.
# Native memory allocation (malloc) failed to allocate 2292416 bytes for Chunk::new
# Possible reasons:
#   The system is out of physical RAM or swap space
#   The process is running with CompressedOops enabled, and the Java Heap may be blocking the growth of the native heap
# Possible solutions:
#   Reduce memory load on the system
#   Increase physical memory or swap space
#   Check if swap backing store is full
#   Decrease Java heap size (-Xmx/-Xms)
#   Decrease number of Java threads
#   Decrease Java thread stack sizes (-Xss)
#   Set larger code cache with -XX:ReservedCodeCacheSize=
#   JVM is running with Zero Based Compressed Oops mode in which the Java heap is
#     placed in the first 32GB address space. The Java Heap base address is the
#     maximum limit for the native heap growth. Please use -XX:HeapBaseMinAddress
#     to set the Java Heap base and to place the Java Heap above 32GB virtual address.
# This output file may be truncated or incomplete.
#
#  Out of Memory Error (allocation.cpp:389), pid=7608, tid=0x0000000000003a74
#
# JRE version: Java(TM) SE Runtime Environment (8.0_241-b07) (build 1.8.0_241-b07)
# Java VM: Java HotSpot(TM) 64-Bit Server VM (25.241-b07 mixed mode windows-amd64 compressed oops)
# Failed to write core dump. Minidumps are not enabled by default on client versions of Windows
#

---------------  T H R E A D  ---------------

Current thread (0x000000001f67c800):  JavaThread "C2 CompilerThread1" daemon [_thread_in_native, id=14964, stack(0x000000001f8e0000,0x000000001f9e0000)]

Stack: [0x000000001f8e0000,0x000000001f9e0000]
[error occurred during error reporting (printing stack bounds), id 0xc0000005]

Native frames: (J=compiled Java code, j=interpreted, Vv=VM code, C=native code)


Current CompileTask:
C2:  28691 7803       4       org.springframework.boot.context.properties.source.SpringIterableConfigurationPropertySource::getConfigurationProperty (93 bytes)


---------------  P R O C E S S  ---------------

Java Threads: ( => current thread )
  0x00000000233b3800 JavaThread "spring.cloud.inetutils" daemon [_thread_blocked, id=8824, stack(0x0000000024340000,0x0000000024440000)]
  0x00000000233af800 JavaThread "pollingConfigurationSource" daemon [_thread_blocked, id=1540, stack(0x0000000031270000,0x0000000031370000)]
  0x00000000233b2800 JavaThread "lettuce-eventExecutorLoop-1-2" daemon [_thread_blocked, id=14464, stack(0x000000002df60000,0x000000002e060000)]
  0x00000000233b2000 JavaThread "lettuce-eventExecutorLoop-1-1" daemon [_thread_blocked, id=6012, stack(0x000000002a010000,0x000000002a110000)]
  0x000000001e88f000 JavaThread "HikariPool-1 housekeeper" daemon [_thread_blocked, id=8176, stack(0x000000002d6b0000,0x000000002d7b0000)]
  0x000000001e88e800 JavaThread "mysql-cj-abandoned-connection-cleanup" daemon [_thread_blocked, id=6116, stack(0x00000000302d0000,0x00000000303d0000)]
  0x000000001e88d000 JavaThread "container-0" [_thread_blocked, id=4592, stack(0x000000002d830000,0x000000002d930000)]
  0x000000001e88c000 JavaThread "Catalina-utility-2" [_thread_blocked, id=1696, stack(0x000000002a2f0000,0x000000002a3f0000)]
  0x000000001e88b800 JavaThread "Catalina-utility-1" [_thread_blocked, id=15316, stack(0x0000000029320000,0x0000000029420000)]
  0x000000001e88d800 JavaThread "pool-2-thread-2" [_thread_blocked, id=14972, stack(0x000000002a1f0000,0x000000002a2f0000)]
  0x000000001e88a800 JavaThread "AMQP Connection 172.17.237.151:5672" [_thread_in_native, id=13784, stack(0x0000000029b10000,0x0000000029c10000)]
  0x000000001e889000 JavaThread "AsyncReporter{RabbitMQSender{addresses=[172.17.237.151:5672], queue=zipkin}}" daemon [_thread_blocked, id=8780, stack(0x0000000022a20000,0x0000000022b20000)]
  0x0000000021651000 JavaThread "logback-2" daemon [_thread_blocked, id=14892, stack(0x0000000020d60000,0x0000000020e60000)]
  0x000000001f718800 JavaThread "Service Thread" daemon [_thread_blocked, id=11856, stack(0x000000001fae0000,0x000000001fbe0000)]
  0x000000001f67d000 JavaThread "C1 CompilerThread2" daemon [_thread_blocked, id=1164, stack(0x000000001f9e0000,0x000000001fae0000)]
=>0x000000001f67c800 JavaThread "C2 CompilerThread1" daemon [_thread_in_native, id=14964, stack(0x000000001f8e0000,0x000000001f9e0000)]
  0x000000001f67b800 JavaThread "C2 CompilerThread0" daemon [_thread_in_native, id=12728, stack(0x000000001f7e0000,0x000000001f8e0000)]
  0x000000001e752000 JavaThread "JDWP Command Reader" daemon [_thread_in_native, id=13372, stack(0x000000001eee0000,0x000000001efe0000)]
  0x000000001e750800 JavaThread "JDWP Event Helper Thread" daemon [_thread_blocked, id=4728, stack(0x000000001ede0000,0x000000001eee0000)]
  0x000000001e74e800 JavaThread "JDWP Transport Listener: dt_socket" daemon [_thread_blocked, id=3184, stack(0x000000001ece0000,0x000000001ede0000)]
  0x000000001e73e800 JavaThread "Attach Listener" daemon [_thread_blocked, id=1916, stack(0x000000001ebe0000,0x000000001ece0000)]
  0x000000001ccf8800 JavaThread "Signal Dispatcher" daemon [_thread_blocked, id=3760, stack(0x000000001eae0000,0x000000001ebe0000)]
  0x000000001cce6800 JavaThread "Finalizer" daemon [_thread_blocked, id=14292, stack(0x000000001e580000,0x000000001e680000)]
  0x000000001ccdf800 JavaThread "Reference Handler" daemon [_thread_blocked, id=7764, stack(0x000000001e480000,0x000000001e580000)]
  0x0000000003224000 JavaThread "main" [_thread_in_Java, id=13528, stack(0x0000000003120000,0x0000000003220000)]

Other Threads:
  0x000000001ccb7800 VMThread [stack: 0x000000001e380000,0x000000001e480000] [id=4212]
  0x000000001f799000 WatcherThread [stack: 0x000000001fbe0000,0x000000001fce0000] [id=8748]

VM state:not at safepoint (normal execution)

VM Mutex/Monitor currently owned by a thread: None

heap address: 0x00000006c1e00000, size: 4066 MB, Compressed Oops mode: Zero based, Oop shift amount: 3
Narrow klass base: 0x0000000000000000, Narrow klass shift: 3
Compressed class space size: 1073741824 Address: 0x00000007c0000000

Heap:
 PSYoungGen      total 560640K, used 283228K [0x000000076b500000, 0x000000078f280000, 0x00000007c0000000)
  eden space 543744K, 48% used [0x000000076b500000,0x000000077b91c2a8,0x000000078c800000)
  from space 16896K, 99% used [0x000000078dd00000,0x000000078ed7b040,0x000000078ed80000)
  to   space 21504K, 0% used [0x000000078c800000,0x000000078c800000,0x000000078dd00000)
 ParOldGen       total 183296K, used 31729K [0x00000006c1e00000, 0x00000006cd100000, 0x000000076b500000)
  object space 183296K, 17% used [0x00000006c1e00000,0x00000006c3cfc6c8,0x00000006cd100000)
 Metaspace       used 80169K, capacity 83994K, committed 84312K, reserved 1122304K
  class space    used 10842K, capacity 11481K, committed 11608K, reserved 1048576K

Card table byte_map: [0x00000000128b0000,0x00000000130b0000] byte_map_base: 0x000000000f2a1000

Marking Bits: (ParMarkBitMap*) 0x0000000052cfbe30
 Begin Bits: [0x0000000013c00000, 0x0000000017b88000)
 End Bits:   [0x0000000017b88000, 0x000000001bb10000)

Polling page: 0x0000000000f60000

CodeCache: size=245760Kb used=28539Kb max_used=28591Kb free=217220Kb
 bounds [0x00000000034f0000, 0x0000000005100000, 0x00000000124f0000]
 total_blobs=7460 nmethods=6861 adapters=518
 compilation: enabled

Compilation events (10 events):
Event: 28.639 Thread 0x000000001f67d000 7837   !   3       com.sun.proxy.$Proxy66::annotationType (29 bytes)
Event: 28.639 Thread 0x000000001f67d000 nmethod 7837 0x00000000050cded0 code [0x00000000050ce060, 0x00000000050ce4f8]
Event: 28.647 Thread 0x000000001f67d000 7838   !   3       com.sun.proxy.$Proxy61::annotationType (29 bytes)
Event: 28.647 Thread 0x000000001f67d000 nmethod 7838 0x00000000050ce710 code [0x00000000050ce8a0, 0x00000000050ced38]
Event: 28.655 Thread 0x000000001f67d000 7839   !   3       sun.reflect.GeneratedMethodAccessor40::invoke (63 bytes)
Event: 28.655 Thread 0x000000001f67d000 nmethod 7839 0x00000000050d0450 code [0x00000000050d0660, 0x00000000050d0db8]
Event: 28.656 Thread 0x000000001f67d000 7840       3       java.lang.reflect.Modifier::isVolatile (13 bytes)
Event: 28.656 Thread 0x000000001f67d000 nmethod 7840 0x00000000050d1210 code [0x00000000050d1360, 0x00000000050d14f0]
Event: 28.663 Thread 0x000000001f67b800 nmethod 7792 0x00000000050dd1d0 code [0x00000000050dd9a0, 0x00000000050e7cd0]
Event: 28.663 Thread 0x000000001f67b800 7828       4       org.springframework.beans.factory.support.AbstractBeanFactory::isTypeMatch (607 bytes)

GC Heap History (10 events):
Event: 12.895 GC heap before
{Heap before GC invocations=15 (full 2):
 PSYoungGen      total 279552K, used 271360K [0x000000076b500000, 0x000000077d100000, 0x00000007c0000000)
  eden space 271360K, 100% used [0x000000076b500000,0x000000077be00000,0x000000077be00000)
  from space 8192K, 0% used [0x000000077c900000,0x000000077c900000,0x000000077d100000)
  to   space 9728K, 0% used [0x000000077be00000,0x000000077be00000,0x000000077c780000)
 ParOldGen       total 150016K, used 16657K [0x00000006c1e00000, 0x00000006cb080000, 0x000000076b500000)
  object space 150016K, 11% used [0x00000006c1e00000,0x00000006c2e44520,0x00000006cb080000)
 Metaspace       used 45661K, capacity 47772K, committed 47960K, reserved 1091584K
  class space    used 6066K, capacity 6454K, committed 6488K, reserved 1048576K
Event: 12.917 GC heap after
Heap after GC invocations=15 (full 2):
 PSYoungGen      total 281088K, used 9697K [0x000000076b500000, 0x0000000784780000, 0x00000007c0000000)
  eden space 271360K, 0% used [0x000000076b500000,0x000000076b500000,0x000000077be00000)
  from space 9728K, 99% used [0x000000077be00000,0x000000077c7784a8,0x000000077c780000)
  to   space 13312K, 0% used [0x0000000783a80000,0x0000000783a80000,0x0000000784780000)
 ParOldGen       total 150016K, used 24218K [0x00000006c1e00000, 0x00000006cb080000, 0x000000076b500000)
  object space 150016K, 16% used [0x00000006c1e00000,0x00000006c35a6bc0,0x00000006cb080000)
 Metaspace       used 45661K, capacity 47772K, committed 47960K, reserved 1091584K
  class space    used 6066K, capacity 6454K, committed 6488K, reserved 1048576K
}
Event: 19.798 GC heap before
{Heap before GC invocations=16 (full 2):
 PSYoungGen      total 281088K, used 281057K [0x000000076b500000, 0x0000000784780000, 0x00000007c0000000)
  eden space 271360K, 100% used [0x000000076b500000,0x000000077be00000,0x000000077be00000)
  from space 9728K, 99% used [0x000000077be00000,0x000000077c7784a8,0x000000077c780000)
  to   space 13312K, 0% used [0x0000000783a80000,0x0000000783a80000,0x0000000784780000)
 ParOldGen       total 150016K, used 24218K [0x00000006c1e00000, 0x00000006cb080000, 0x000000076b500000)
  object space 150016K, 16% used [0x00000006c1e00000,0x00000006c35a6bc0,0x00000006cb080000)
 Metaspace       used 55178K, capacity 57706K, committed 57944K, reserved 1099776K
  class space    used 7280K, capacity 7739K, committed 7768K, reserved 1048576K
Event: 19.816 GC heap after
Heap after GC invocations=16 (full 2):
 PSYoungGen      total 389632K, used 13300K [0x000000076b500000, 0x0000000784780000, 0x00000007c0000000)
  eden space 376320K, 0% used [0x000000076b500000,0x000000076b500000,0x0000000782480000)
  from space 13312K, 99% used [0x0000000783a80000,0x000000078477d168,0x0000000784780000)
  to   space 17408K, 0% used [0x0000000782580000,0x0000000782580000,0x0000000783680000)
 ParOldGen       total 150016K, used 30803K [0x00000006c1e00000, 0x00000006cb080000, 0x000000076b500000)
  object space 150016K, 20% used [0x00000006c1e00000,0x00000006c3c14df8,0x00000006cb080000)
 Metaspace       used 55178K, capacity 57706K, committed 57944K, reserved 1099776K
  class space    used 7280K, capacity 7739K, committed 7768K, reserved 1048576K
}
Event: 19.968 GC heap before
{Heap before GC invocations=17 (full 2):
 PSYoungGen      total 389632K, used 33335K [0x000000076b500000, 0x0000000784780000, 0x00000007c0000000)
  eden space 376320K, 5% used [0x000000076b500000,0x000000076c890e88,0x0000000782480000)
  from space 13312K, 99% used [0x0000000783a80000,0x000000078477d168,0x0000000784780000)
  to   space 17408K, 0% used [0x0000000782580000,0x0000000782580000,0x0000000783680000)
 ParOldGen       total 150016K, used 30803K [0x00000006c1e00000, 0x00000006cb080000, 0x000000076b500000)
  object space 150016K, 20% used [0x00000006c1e00000,0x00000006c3c14df8,0x00000006cb080000)
 Metaspace       used 56258K, capacity 58842K, committed 58968K, reserved 1099776K
  class space    used 7460K, capacity 7941K, committed 8024K, reserved 1048576K
Event: 19.980 GC heap after
Heap after GC invocations=17 (full 2):
 PSYoungGen      total 394752K, used 6802K [0x000000076b500000, 0x000000078ed80000, 0x00000007c0000000)
  eden space 377344K, 0% used [0x000000076b500000,0x000000076b500000,0x0000000782580000)
  from space 17408K, 39% used [0x0000000782580000,0x0000000782c24a18,0x0000000783680000)
  to   space 16896K, 0% used [0x000000078dd00000,0x000000078dd00000,0x000000078ed80000)
 ParOldGen       total 150016K, used 37435K [0x00000006c1e00000, 0x00000006cb080000, 0x000000076b500000)
  object space 150016K, 24% used [0x00000006c1e00000,0x00000006c428ee88,0x00000006cb080000)
 Metaspace       used 56258K, capacity 58842K, committed 58968K, reserved 1099776K
  class space    used 7460K, capacity 7941K, committed 8024K, reserved 1048576K
}
Event: 19.980 GC heap before
{Heap before GC invocations=18 (full 3):
 PSYoungGen      total 394752K, used 6802K [0x000000076b500000, 0x000000078ed80000, 0x00000007c0000000)
  eden space 377344K, 0% used [0x000000076b500000,0x000000076b500000,0x0000000782580000)
  from space 17408K, 39% used [0x0000000782580000,0x0000000782c24a18,0x0000000783680000)
  to   space 16896K, 0% used [0x000000078dd00000,0x000000078dd00000,0x000000078ed80000)
 ParOldGen       total 150016K, used 37435K [0x00000006c1e00000, 0x00000006cb080000, 0x000000076b500000)
  object space 150016K, 24% used [0x00000006c1e00000,0x00000006c428ee88,0x00000006cb080000)
 Metaspace       used 56258K, capacity 58842K, committed 58968K, reserved 1099776K
  class space    used 7460K, capacity 7941K, committed 8024K, reserved 1048576K
Event: 20.092 GC heap after
Heap after GC invocations=18 (full 3):
 PSYoungGen      total 394752K, used 0K [0x000000076b500000, 0x000000078ed80000, 0x00000007c0000000)
  eden space 377344K, 0% used [0x000000076b500000,0x000000076b500000,0x0000000782580000)
  from space 17408K, 0% used [0x0000000782580000,0x0000000782580000,0x0000000783680000)
  to   space 16896K, 0% used [0x000000078dd00000,0x000000078dd00000,0x000000078ed80000)
 ParOldGen       total 183296K, used 24620K [0x00000006c1e00000, 0x00000006cd100000, 0x000000076b500000)
  object space 183296K, 13% used [0x00000006c1e00000,0x00000006c360b1e0,0x00000006cd100000)
 Metaspace       used 56258K, capacity 58842K, committed 58968K, reserved 1099776K
  class space    used 7460K, capacity 7941K, committed 8024K, reserved 1048576K
}
Event: 25.421 GC heap before
{Heap before GC invocations=19 (full 3):
 PSYoungGen      total 394752K, used 377344K [0x000000076b500000, 0x000000078ed80000, 0x00000007c0000000)
  eden space 377344K, 100% used [0x000000076b500000,0x0000000782580000,0x0000000782580000)
  from space 17408K, 0% used [0x0000000782580000,0x0000000782580000,0x0000000783680000)
  to   space 16896K, 0% used [0x000000078dd00000,0x000000078dd00000,0x000000078ed80000)
 ParOldGen       total 183296K, used 24620K [0x00000006c1e00000, 0x00000006cd100000, 0x000000076b500000)
  object space 183296K, 13% used [0x00000006c1e00000,0x00000006c360b1e0,0x00000006cd100000)
 Metaspace       used 75587K, capacity 78706K, committed 78936K, reserved 1118208K
  class space    used 10246K, capacity 10819K, committed 10840K, reserved 1048576K
Event: 25.511 GC heap after
Heap after GC invocations=19 (full 3):
 PSYoungGen      total 560640K, used 16876K [0x000000076b500000, 0x000000078f280000, 0x00000007c0000000)
  eden space 543744K, 0% used [0x000000076b500000,0x000000076b500000,0x000000078c800000)
  from space 16896K, 99% used [0x000000078dd00000,0x000000078ed7b040,0x000000078ed80000)
  to   space 21504K, 0% used [0x000000078c800000,0x000000078c800000,0x000000078dd00000)
 ParOldGen       total 183296K, used 31729K [0x00000006c1e00000, 0x00000006cd100000, 0x000000076b500000)
  object space 183296K, 17% used [0x00000006c1e00000,0x00000006c3cfc6c8,0x00000006cd100000)
 Metaspace       used 75587K, capacity 78706K, committed 78936K, reserved 1118208K
  class space    used 10246K, capacity 10819K, committed 10840K, reserved 1048576K
}

Deoptimization events (10 events):
Event: 26.809 Thread 0x0000000003224000 Uncommon trap: reason=class_check action=maybe_recompile pc=0x0000000004112bc4 method=org.springframework.util.ConcurrentReferenceHashMap$Segment.findInChain(Lorg/springframework/util/ConcurrentReferenceHashMap$Reference;Ljava/lang/Object;I)Lorg/springfra
Event: 26.809 Thread 0x0000000003224000 Uncommon trap: reason=class_check action=maybe_recompile pc=0x00000000038866a4 method=org.springframework.util.ConcurrentReferenceHashMap$Segment.findInChain(Lorg/springframework/util/ConcurrentReferenceHashMap$Reference;Ljava/lang/Object;I)Lorg/springfra
Event: 27.206 Thread 0x0000000003224000 Uncommon trap: reason=unstable_if action=reinterpret pc=0x0000000004660054 method=org.springframework.core.annotation.TypeMappedAnnotations$IsPresent.doWithAnnotations(Ljava/lang/Object;ILjava/lang/Object;[Ljava/lang/annotation/Annotation;)Ljava/lang/Bool
Event: 27.207 Thread 0x0000000003224000 Uncommon trap: reason=unstable_if action=reinterpret pc=0x0000000004683810 method=org.springframework.core.annotation.AnnotationsScanner.processMethodHierarchy(Ljava/lang/Object;[ILjava/lang/Class;Lorg/springframework/core/annotation/AnnotationsProcessor;
Event: 27.306 Thread 0x0000000003224000 Uncommon trap: reason=unstable_if action=reinterpret pc=0x0000000004df07b4 method=org.springframework.beans.factory.support.AbstractBeanFactory.isTypeMatch(Ljava/lang/String;Lorg/springframework/core/ResolvableType;Z)Z @ 34
Event: 27.855 Thread 0x0000000003224000 Uncommon trap: reason=range_check action=make_not_entrant pc=0x00000000038a56e0 method=java.lang.String.charAt(I)C @ 27
Event: 28.146 Thread 0x0000000003224000 Uncommon trap: reason=unstable_if action=reinterpret pc=0x000000000390ca1c method=sun.net.util.IPAddressUtil.scan(Ljava/lang/String;JJ[C)I @ 14
Event: 28.154 Thread 0x0000000003224000 Uncommon trap: reason=unstable_if action=reinterpret pc=0x0000000004299054 method=java.util.Arrays.hashCode([Ljava/lang/Object;)I @ 34
Event: 28.285 Thread 0x0000000003224000 Uncommon trap: reason=unstable_if action=reinterpret pc=0x000000000466c094 method=org.springframework.core.BridgeMethodResolver.isVisibilityBridgeMethodPair(Ljava/lang/reflect/Method;Ljava/lang/reflect/Method;)Z @ 43
Event: 28.404 Thread 0x0000000003224000 Uncommon trap: reason=class_check action=maybe_recompile pc=0x0000000004d655fc method=org.springframework.boot.context.properties.source.SpringConfigurationPropertySource.getConfigurationProperty(Lorg/springframework/boot/context/properties/source/Configu

Classes redefined (0 events):
No events

Internal exceptions (10 events):
Event: 26.928 Thread 0x0000000003224000 Exception <a 'java/lang/ClassNotFoundException': java/lang/ObjectCustomizer> (0x00000007721c8138) thrown at [C:\ade\jenkins\workspace\8-2-build-windows-amd64-cygwin\jdk8u241\331\hotspot\src\share\vm\classfile\systemDictionary.cpp, line 210]
Event: 26.929 Thread 0x0000000003224000 Exception <a 'java/lang/ClassNotFoundException': cn/mayu/yugioh/transform/model/entity/ForbiddenEntityCustomizer> (0x0000000772210e38) thrown at [C:\ade\jenkins\workspace\8-2-build-windows-amd64-cygwin\jdk8u241\331\hotspot\src\share\vm\classfile\systemDic
Event: 26.945 Thread 0x0000000003224000 Exception <a 'java/lang/ClassNotFoundException': java/lang/ObjectCustomizer> (0x000000077239ce28) thrown at [C:\ade\jenkins\workspace\8-2-build-windows-amd64-cygwin\jdk8u241\331\hotspot\src\share\vm\classfile\systemDictionary.cpp, line 210]
Event: 26.946 Thread 0x0000000003224000 Exception <a 'java/lang/ClassNotFoundException': cn/mayu/yugioh/transform/model/entity/IndexEntityCustomizer> (0x00000007723e3a50) thrown at [C:\ade\jenkins\workspace\8-2-build-windows-amd64-cygwin\jdk8u241\331\hotspot\src\share\vm\classfile\systemDiction
Event: 27.321 Thread 0x0000000003224000 Exception <a 'java/lang/IncompatibleClassChangeError': Found class java.lang.Object, but interface was expected> (0x00000007743a4a90) thrown at [C:\ade\jenkins\workspace\8-2-build-windows-amd64-cygwin\jdk8u241\331\hotspot\src\share\vm\interpreter\linkReso
Event: 28.154 Thread 0x0000000003224000 Implicit null exception at 0x0000000004298f7e to 0x0000000004299031
Event: 28.420 Thread 0x0000000003224000 Exception <a 'java/lang/ClassNotFoundException': java/lang/ObjectCustomizer> (0x000000077a5567d0) thrown at [C:\ade\jenkins\workspace\8-2-build-windows-amd64-cygwin\jdk8u241\331\hotspot\src\share\vm\classfile\systemDictionary.cpp, line 210]
Event: 28.421 Thread 0x0000000003224000 Exception <a 'java/lang/ClassNotFoundException': org/springframework/cloud/bus/BusAutoConfigurationCustomizer> (0x000000077a59c998) thrown at [C:\ade\jenkins\workspace\8-2-build-windows-amd64-cygwin\jdk8u241\331\hotspot\src\share\vm\classfile\systemDictio
Event: 28.422 Thread 0x0000000003224000 Exception <a 'java/lang/ClassNotFoundException': org/springframework/context/ApplicationEventPublisherAwareCustomizer> (0x000000077a5ecd80) thrown at [C:\ade\jenkins\workspace\8-2-build-windows-amd64-cygwin\jdk8u241\331\hotspot\src\share\vm\classfile\syst
Event: 28.423 Thread 0x0000000003224000 Exception <a 'java/lang/ClassNotFoundException': org/springframework/beans/factory/AwareCustomizer> (0x000000077a628150) thrown at [C:\ade\jenkins\workspace\8-2-build-windows-amd64-cygwin\jdk8u241\331\hotspot\src\share\vm\classfile\systemDictionary.cpp, l

Events (10 events):
Event: 28.682 Thread 0x0000000003224000 DEOPT PACKING pc=0x0000000004d48394 sp=0x000000000321c310
Event: 28.682 Thread 0x0000000003224000 DEOPT UNPACKING pc=0x0000000003537890 sp=0x000000000321c000 mode 1
Event: 28.684 Thread 0x0000000003224000 DEOPT PACKING pc=0x0000000004d48394 sp=0x000000000321e590
Event: 28.684 Thread 0x0000000003224000 DEOPT UNPACKING pc=0x0000000003537890 sp=0x000000000321e280 mode 1
Event: 28.684 Thread 0x0000000003224000 DEOPT PACKING pc=0x0000000004d48394 sp=0x000000000321e590
Event: 28.684 Thread 0x0000000003224000 DEOPT UNPACKING pc=0x0000000003537890 sp=0x000000000321e280 mode 1
Event: 28.686 loading class org/springframework/boot/actuate/endpoint/EndpointsSupplier
Event: 28.686 loading class org/springframework/boot/actuate/endpoint/EndpointsSupplier done
Event: 28.687 loading class org/springframework/boot/actuate/endpoint/ExposableEndpoint
Event: 28.687 loading class org/springframework/boot/actuate/endpoint/ExposableEndpoint done


Dynamic libraries:
0x00007ff79ace0000 - 0x00007ff79ad17000 	D:\jdk8x64\jdk1.8.0_241\bin\java.exe
0x00007ffb94f80000 - 0x00007ffb95170000 	C:\Windows\SYSTEM32\ntdll.dll
0x00007ffb93f50000 - 0x00007ffb94002000 	C:\Windows\System32\KERNEL32.DLL
0x00007ffb92a30000 - 0x00007ffb92cd4000 	C:\Windows\System32\KERNELBASE.dll
0x00007ffb94740000 - 0x00007ffb947e3000 	C:\Windows\System32\ADVAPI32.dll
0x00007ffb94610000 - 0x00007ffb946ae000 	C:\Windows\System32\msvcrt.dll
0x00007ffb93100000 - 0x00007ffb93197000 	C:\Windows\System32\sechost.dll
0x00007ffb948f0000 - 0x00007ffb94a10000 	C:\Windows\System32\RPCRT4.dll
0x00007ffb936c0000 - 0x00007ffb93854000 	C:\Windows\System32\USER32.dll
0x00007ffb92d30000 - 0x00007ffb92d51000 	C:\Windows\System32\win32u.dll
0x00007ffb94e90000 - 0x00007ffb94eb6000 	C:\Windows\System32\GDI32.dll
0x00007ffb92d60000 - 0x00007ffb92ef6000 	C:\Windows\System32\gdi32full.dll
0x00007ffb92830000 - 0x00007ffb928ce000 	C:\Windows\System32\msvcp_win.dll
0x00007ffb928d0000 - 0x00007ffb929ca000 	C:\Windows\System32\ucrtbase.dll
0x00007ffb73930000 - 0x00007ffb73bb4000 	C:\Windows\WinSxS\amd64_microsoft.windows.common-controls_6595b64144ccf1df_6.0.18362.959_none_e6c7bbbf130c62bb\COMCTL32.dll
0x00007ffb942d0000 - 0x00007ffb94605000 	C:\Windows\System32\combase.dll
0x00007ffb92f00000 - 0x00007ffb92f80000 	C:\Windows\System32\bcryptPrimitives.dll
0x00007ffb947f0000 - 0x00007ffb9481e000 	C:\Windows\System32\IMM32.DLL
0x0000000052d80000 - 0x0000000052e52000 	D:\jdk8x64\jdk1.8.0_241\jre\bin\msvcr100.dll
0x00000000524d0000 - 0x0000000052d7c000 	D:\jdk8x64\jdk1.8.0_241\jre\bin\server\jvm.dll
0x00007ffb946b0000 - 0x00007ffb946b8000 	C:\Windows\System32\PSAPI.DLL
0x00007ffb90900000 - 0x00007ffb9090a000 	C:\Windows\SYSTEM32\VERSION.dll
0x00007ffb8dc10000 - 0x00007ffb8dc19000 	C:\Windows\SYSTEM32\WSOCK32.dll
0x00007ffb94260000 - 0x00007ffb942cf000 	C:\Windows\System32\WS2_32.dll
0x00007ffb8fbc0000 - 0x00007ffb8fbe4000 	C:\Windows\SYSTEM32\WINMM.dll
0x00007ffb8fb60000 - 0x00007ffb8fb8d000 	C:\Windows\SYSTEM32\WINMMBASE.dll
0x00007ffb92ce0000 - 0x00007ffb92d2a000 	C:\Windows\System32\cfgmgr32.dll
0x00007ffb86160000 - 0x00007ffb8616f000 	D:\jdk8x64\jdk1.8.0_241\jre\bin\verify.dll
0x00007ffb7ed50000 - 0x00007ffb7ed79000 	D:\jdk8x64\jdk1.8.0_241\jre\bin\java.dll
0x00007ffb79010000 - 0x00007ffb79045000 	D:\jdk8x64\jdk1.8.0_241\jre\bin\jdwp.dll
0x00007ffb80b30000 - 0x00007ffb80b38000 	D:\jdk8x64\jdk1.8.0_241\jre\bin\npt.dll
0x00007ffb7a850000 - 0x00007ffb7a873000 	D:\jdk8x64\jdk1.8.0_241\jre\bin\instrument.dll
0x00007ffb7efa0000 - 0x00007ffb7efb6000 	D:\jdk8x64\jdk1.8.0_241\jre\bin\zip.dll
0x00007ffb93860000 - 0x00007ffb93f46000 	C:\Windows\System32\SHELL32.dll
0x00007ffb93610000 - 0x00007ffb936b9000 	C:\Windows\System32\shcore.dll
0x00007ffb92080000 - 0x00007ffb92802000 	C:\Windows\System32\windows.storage.dll
0x00007ffb91e40000 - 0x00007ffb91e63000 	C:\Windows\System32\profapi.dll
0x00007ffb91e90000 - 0x00007ffb91eda000 	C:\Windows\System32\powrprof.dll
0x00007ffb91e30000 - 0x00007ffb91e40000 	C:\Windows\System32\UMPDC.dll
0x00007ffb94ee0000 - 0x00007ffb94f32000 	C:\Windows\System32\shlwapi.dll
0x00007ffb91e70000 - 0x00007ffb91e81000 	C:\Windows\System32\kernel.appcore.dll
0x00007ffb92810000 - 0x00007ffb92827000 	C:\Windows\System32\cryptsp.dll
0x00007ffb80520000 - 0x00007ffb80529000 	D:\jdk8x64\jdk1.8.0_241\jre\bin\dt_socket.dll
0x00007ffb915f0000 - 0x00007ffb91657000 	C:\Windows\system32\mswsock.dll
0x00007ffb7cf00000 - 0x00007ffb7cf1a000 	D:\jdk8x64\jdk1.8.0_241\jre\bin\net.dll
0x00007ffb91310000 - 0x00007ffb9134a000 	C:\Windows\SYSTEM32\IPHLPAPI.DLL
0x00007ffb94a80000 - 0x00007ffb94a88000 	C:\Windows\System32\NSI.dll
0x00007ffb8c2f0000 - 0x00007ffb8c306000 	C:\Windows\SYSTEM32\dhcpcsvc6.DLL
0x00007ffb8c260000 - 0x00007ffb8c27c000 	C:\Windows\SYSTEM32\dhcpcsvc.DLL
0x00007ffb91350000 - 0x00007ffb9141b000 	C:\Windows\SYSTEM32\DNSAPI.dll
0x00007ffb8aa70000 - 0x00007ffb8aa7a000 	C:\Windows\System32\rasadhlp.dll
0x00007ffb8c090000 - 0x00007ffb8c107000 	C:\Windows\System32\fwpuclnt.dll
0x00007ffb91f00000 - 0x00007ffb91f26000 	C:\Windows\System32\bcrypt.dll
0x00007ffb80510000 - 0x00007ffb8051d000 	D:\jdk8x64\jdk1.8.0_241\jre\bin\management.dll
0x00007ffb880a0000 - 0x00007ffb880b6000 	C:\Windows\system32\napinsp.dll
0x00007ffb88110000 - 0x00007ffb8812a000 	C:\Windows\system32\pnrpnsp.dll
0x00007ffb88100000 - 0x00007ffb8810e000 	C:\Windows\System32\winrnr.dll
0x00007ffb8e270000 - 0x00007ffb8e28c000 	C:\Windows\system32\NLAapi.dll
0x00007ffb880e0000 - 0x00007ffb880f5000 	C:\Windows\system32\wshbth.dll
0x00007ffb7ce90000 - 0x00007ffb7cea2000 	D:\jdk8x64\jdk1.8.0_241\jre\bin\nio.dll
0x00007ffb91170000 - 0x00007ffb911a3000 	C:\Windows\system32\rsaenh.dll
0x00007ffb91d20000 - 0x00007ffb91d45000 	C:\Windows\SYSTEM32\USERENV.dll
0x00007ffb91770000 - 0x00007ffb9177c000 	C:\Windows\SYSTEM32\CRYPTBASE.dll
0x00007ffb7ce60000 - 0x00007ffb7ce84000 	D:\jdk8x64\jdk1.8.0_241\jre\bin\sunec.dll
0x00007ffb7cf30000 - 0x00007ffb7cf3b000 	D:\jdk8x64\jdk1.8.0_241\jre\bin\sunmscapi.dll
0x00007ffb91f30000 - 0x00007ffb92079000 	C:\Windows\System32\CRYPT32.dll
0x00007ffb91ee0000 - 0x00007ffb91ef2000 	C:\Windows\System32\MSASN1.dll

VM Arguments:
jvm_args: -agentlib:jdwp=transport=dt_socket,address=127.0.0.1:61876,suspend=y,server=n -Dspring.output.ansi.enabled=always -javaagent:C:\Users\admin\AppData\Local\JetBrains\IntelliJIdea2020.1\groovyHotSwap\gragent.jar -javaagent:C:\Users\admin\AppData\Local\JetBrains\IntelliJIdea2020.1\captureAgent\debugger-agent.jar -Dfile.encoding=UTF-8 
java_command: cn.mayu.yugioh.transform.TransformApp
java_class_path (initial): D:\jdk8x64\jdk1.8.0_241\jre\lib\charsets.jar;D:\jdk8x64\jdk1.8.0_241\jre\lib\deploy.jar;D:\jdk8x64\jdk1.8.0_241\jre\lib\ext\access-bridge-64.jar;D:\jdk8x64\jdk1.8.0_241\jre\lib\ext\cldrdata.jar;D:\jdk8x64\jdk1.8.0_241\jre\lib\ext\dnsns.jar;D:\jdk8x64\jdk1.8.0_241\jre\lib\ext\jaccess.jar;D:\jdk8x64\jdk1.8.0_241\jre\lib\ext\jfxrt.jar;D:\jdk8x64\jdk1.8.0_241\jre\lib\ext\localedata.jar;D:\jdk8x64\jdk1.8.0_241\jre\lib\ext\nashorn.jar;D:\jdk8x64\jdk1.8.0_241\jre\lib\ext\sunec.jar;D:\jdk8x64\jdk1.8.0_241\jre\lib\ext\sunjce_provider.jar;D:\jdk8x64\jdk1.8.0_241\jre\lib\ext\sunmscapi.jar;D:\jdk8x64\jdk1.8.0_241\jre\lib\ext\sunpkcs11.jar;D:\jdk8x64\jdk1.8.0_241\jre\lib\ext\zipfs.jar;D:\jdk8x64\jdk1.8.0_241\jre\lib\javaws.jar;D:\jdk8x64\jdk1.8.0_241\jre\lib\jce.jar;D:\jdk8x64\jdk1.8.0_241\jre\lib\jfr.jar;D:\jdk8x64\jdk1.8.0_241\jre\lib\jfxswt.jar;D:\jdk8x64\jdk1.8.0_241\jre\lib\jsse.jar;D:\jdk8x64\jdk1.8.0_241\jre\lib\management-agent.jar;D:\jdk8x64\jdk1.8.0_241\jre\lib\plugin.jar;D:\jdk8x64\jdk1.8.0_241\jre\lib\resources.jar;D:\jdk8x64\jdk1.8.0_241\jre\lib\rt.jar;D:\program\yugioh\yugioh\yugioh-transform\target\classes;E:\repository\org\springframework\boot\spring-boot-starter-web\2.3.0.RELEASE\spring-boot-starter-web-2.3.0.RELEASE.jar;E:\repository\org\springframework\boot\spring-boot-starter\2.3.0.RELEASE\spring-boot-starter-2.3.0.RELEASE.jar;E:\repository\org\springframework\boot\spring-boot\2.3.0.RELEASE\spring-boot-2.3.0.RELEASE.jar;E:\repository\org\springframework\boot\spring-boot-autoconfigure\2.3.0.RELEASE\spring-boot-autoconfigure-2.3.0.RELEASE.jar;E:\repository\org\springframework\boot\spring-boot-starter-logging\2.3.0.RELEASE\spring-boot-starter-logging-2.3.0.RELEASE.jar;E:\repository\ch\qos\logback\logback-classic\1.2.3\logback-classic-1.2.3.jar;E:\repository\ch\qos\logback\logback-core\1.2.3\logback-core-1.2.3.jar;E:\repository\org\apache\logging\log4j\log4j-to-slf4j\2.13.2\log4j-to-slf4j-2.13.2.jar;E:\repository\org\apache\logging\lo
Launcher Type: SUN_STANDARD

Environment Variables:
PATH=C:\Program Files (x86)\Common Files\Oracle\Java\javapath;C:\Windows\system32;C:\Windows;C:\Windows\System32\Wbem;C:\Windows\System32\WindowsPowerShell\v1.0\;C:\Windows\System32\OpenSSH\;D:\svn\bin;D:\nodejs\;D:\Git\cmd;C:\Python27;C:\Users\admin\AppData\Local\Microsoft\WindowsApps;C:\Users\admin\AppData\Roaming\npm;D:\IntelliJ IDEA 2020.1\bin;;D:\Microsoft VS Code\bin
USERNAME=admin
OS=Windows_NT
PROCESSOR_IDENTIFIER=Intel64 Family 6 Model 158 Stepping 10, GenuineIntel



---------------  S Y S T E M  ---------------

OS: Windows 10.0 , 64 bit Build 18362 (10.0.18362.959)

CPU:total 6 (initial active 6) (6 cores per cpu, 1 threads per core) family 6 model 158 stepping 10, cmov, cx8, fxsr, mmx, sse, sse2, sse3, ssse3, sse4.1, sse4.2, popcnt, avx, avx2, aes, clmul, erms, 3dnowpref, lzcnt, tsc, tscinvbit, bmi1, bmi2, adx

Memory: 4k page, physical 16646364k(797416k free), swap 26731992k(5264k free)

vm_info: Java HotSpot(TM) 64-Bit Server VM (25.241-b07) for windows-amd64 JRE (1.8.0_241-b07), built on Dec 11 2019 10:21:40 by "rejava" with MS VC++ 10.0 (VS2010)

time: Fri Jul 31 19:40:20 2020
timezone: 中国标准时间
elapsed time: 28 seconds (0d 0h 0m 28s)

